#
# There is insufficient memory for the Java Runtime Environment to continue.
# Native memory allocation (mmap) failed to map 52953088 bytes for committing reserved memory.
# Possible reasons:
#   The system is out of physical RAM or swap space
#   In 32 bit mode, the process size limit was hit
# Possible solutions:
#   Reduce memory load on the system
#   Increase physical memory or swap space
#   Check if swap backing store is full
#   Use 64 bit Java on a 64 bit OS
#   Decrease Java heap size (-Xmx/-Xms)
#   Decrease number of Java threads
#   Decrease Java thread stack sizes (-Xss)
#   Set larger code cache with -XX:ReservedCodeCacheSize=
# This output file may be truncated or incomplete.
#
#  Out of Memory Error (os_linux.cpp:2640), pid=20284, tid=0x00007f38f7bfb700
#
# JRE version: Java(TM) SE Runtime Environment (8.0_181-b13) (build 1.8.0_181-b13)
# Java VM: Java HotSpot(TM) 64-Bit Server VM (25.181-b13 mixed mode linux-amd64 compressed oops)
# Failed to write core dump. Core dumps have been disabled. To enable core dumping, try "ulimit -c unlimited" before starting Java again
#

---------------  T H R E A D  ---------------

Current thread (0x00007f3910140800):  VMThread [stack: 0x00007f38f7afc000,0x00007f38f7bfc000] [id=20293]

Stack: [0x00007f38f7afc000,0x00007f38f7bfc000],  sp=0x00007f38f7bfa2c0,  free space=1016k
Native frames: (J=compiled Java code, j=interpreted, Vv=VM code, C=native code)
V  [libjvm.so+0xad21aa]  VMError::report_and_die()+0x2ba
V  [libjvm.so+0x5022db]  report_vm_out_of_memory(char const*, int, unsigned long, VMErrorType, char const*)+0x8b
V  [libjvm.so+0x92fe33]  os::Linux::commit_memory_impl(char*, unsigned long, bool)+0x123
V  [libjvm.so+0x930059]  os::pd_commit_memory(char*, unsigned long, unsigned long, bool)+0x29
V  [libjvm.so+0x9272ba]  os::commit_memory(char*, unsigned long, unsigned long, bool)+0x2a
V  [libjvm.so+0x99d2e3]  PSVirtualSpace::expand_by(unsigned long)+0x53
V  [libjvm.so+0x99e6e8]  PSYoungGen::resize_generation(unsigned long, unsigned long)+0xf8
V  [libjvm.so+0x99d842]  PSYoungGen::resize(unsigned long, unsigned long)+0x22
V  [libjvm.so+0x99ab1b]  PSScavenge::invoke_no_policy()+0xf3b
V  [libjvm.so+0x99b2a1]  PSScavenge::invoke()+0x41
V  [libjvm.so+0x951d70]  ParallelScavengeHeap::failed_mem_allocate(unsigned long)+0x70
V  [libjvm.so+0xad3c27]  VM_ParallelGCFailedAllocation::doit()+0x97
V  [libjvm.so+0xadb745]  VM_Operation::evaluate()+0x55
V  [libjvm.so+0xad9b0a]  VMThread::evaluate_operation(VM_Operation*)+0xba
V  [libjvm.so+0xad9e8e]  VMThread::loop()+0x1ce
V  [libjvm.so+0xada300]  VMThread::run()+0x70
V  [libjvm.so+0x930198]  java_start(Thread*)+0x108

VM_Operation (0x00007f39161884e0): ParallelGCFailedAllocation, mode: safepoint, requested by thread 0x00007f391000b000


---------------  P R O C E S S  ---------------

Java Threads: ( => current thread )
  0x00007f38ac030800 JavaThread "HikariPool-1 connection adder" daemon [_thread_blocked, id=20320, stack(0x00007f38f40f2000,0x00007f38f41f3000)]
  0x00007f3910a57000 JavaThread "HikariPool-1 housekeeper" daemon [_thread_blocked, id=20319, stack(0x00007f38f4c92000,0x00007f38f4d93000)]
  0x00007f39110a9000 JavaThread "mysql-cj-abandoned-connection-cleanup" daemon [_thread_blocked, id=20318, stack(0x00007f38f5694000,0x00007f38f5795000)]
  0x00007f38b41bc000 JavaThread "Log4j2-Log4j2Scheduled-1" daemon [_thread_blocked, id=20310, stack(0x00007f38f4f93000,0x00007f38f5094000)]
  0x00007f38bc05b800 JavaThread "process reaper" daemon [_thread_blocked, id=20306, stack(0x00007f38f61d8000,0x00007f38f6211000)]
  0x00007f391025a000 JavaThread "surefire-forkedjvm-ping-30s" daemon [_thread_blocked, id=20303, stack(0x00007f38f6519000,0x00007f38f661a000)]
  0x00007f3910244000 JavaThread "surefire-forkedjvm-command-thread" daemon [_thread_blocked, id=20302, stack(0x00007f38f6823000,0x00007f38f6924000)]
  0x00007f391019a800 JavaThread "Service Thread" daemon [_thread_blocked, id=20300, stack(0x00007f38f6a25000,0x00007f38f6b26000)]
  0x00007f3910185800 JavaThread "C1 CompilerThread2" daemon [_thread_blocked, id=20299, stack(0x00007f38f6b27000,0x00007f38f6c27000)]
  0x00007f3910183800 JavaThread "C2 CompilerThread1" daemon [_thread_blocked, id=20298, stack(0x00007f38f6c28000,0x00007f38f6d28000)]
  0x00007f3910180800 JavaThread "C2 CompilerThread0" daemon [_thread_blocked, id=20297, stack(0x00007f38f6d29000,0x00007f38f6e29000)]
  0x00007f391017f000 JavaThread "Signal Dispatcher" daemon [_thread_blocked, id=20296, stack(0x00007f38f6e29000,0x00007f38f6f2a000)]
  0x00007f391014c800 JavaThread "Finalizer" daemon [_thread_blocked, id=20295, stack(0x00007f38f78f9000,0x00007f38f79fa000)]
  0x00007f391014a000 JavaThread "Reference Handler" daemon [_thread_blocked, id=20294, stack(0x00007f38f79fa000,0x00007f38f7afb000)]
  0x00007f391000b000 JavaThread "main" [_thread_blocked, id=20286, stack(0x00007f391608f000,0x00007f391618f000)]

Other Threads:
=>0x00007f3910140800 VMThread [stack: 0x00007f38f7afc000,0x00007f38f7bfc000] [id=20293]
  0x00007f39101a7800 WatcherThread [stack: 0x00007f38f6925000,0x00007f38f6a25000] [id=20301]

VM state:at safepoint (normal execution)

VM Mutex/Monitor currently owned by a thread:  ([mutex/lock_event])
[0x00007f39100078c0] Threads_lock - owner thread: 0x00007f3910140800
[0x00007f3910007dc0] Heap_lock - owner thread: 0x00007f391000b000

Heap:
 PSYoungGen      total 155648K, used 9714K [0x00000000ebf00000, 0x00000000f7700000, 0x0000000100000000)
  eden space 145920K, 0% used [0x00000000ebf00000,0x00000000ebf00000,0x00000000f4d80000)
  from space 9728K, 99% used [0x00000000f4d80000,0x00000000f56fc8f0,0x00000000f5700000)
  to   space 8704K, 0% used [0x00000000f5700000,0x00000000f5700000,0x00000000f5f80000)
 ParOldGen       total 49152K, used 20960K [0x00000000c3c00000, 0x00000000c6c00000, 0x00000000ebf00000)
  object space 49152K, 42% used [0x00000000c3c00000,0x00000000c5078380,0x00000000c6c00000)
 Metaspace       used 47052K, capacity 49148K, committed 49408K, reserved 1091584K
  class space    used 6479K, capacity 6879K, committed 6912K, reserved 1048576K

Card table byte_map: [0x00007f38ff9bc000,0x00007f38ffb9f000] byte_map_base: 0x00007f38ff39e000

Marking Bits: (ParMarkBitMap*) 0x00007f39155360a0
 Begin Bits: [0x00007f38fd798000, 0x00007f38fe6a8000)
 End Bits:   [0x00007f38fe6a8000, 0x00007f38ff5b8000)

Polling page: 0x00007f39161b1000

CodeCache: size=245760Kb used=12063Kb max_used=12644Kb free=233696Kb
 bounds [0x00007f38fff5f000, 0x00007f3900bcf000, 0x00007f390ef5f000]
 total_blobs=3982 nmethods=3477 adapters=418
 compilation: enabled

Compilation events (10 events):
Event: 8.952 Thread 0x00007f3910185800 nmethod 3658 0x00007f3900267210 code [0x00007f3900267420, 0x00007f3900267eb8]
Event: 8.952 Thread 0x00007f3910185800 3662       1       org.hibernate.jpa.event.spi.CallbackType::getCallbackAnnotation (5 bytes)
Event: 8.952 Thread 0x00007f3910185800 nmethod 3662 0x00007f3900198610 code [0x00007f3900198760, 0x00007f3900198870]
Event: 8.953 Thread 0x00007f3910185800 3652       1       org.springframework.beans.factory.config.InstantiationAwareBeanPostProcessorAdapter::postProcessAfterInstantiation (2 bytes)
Event: 8.953 Thread 0x00007f3910185800 nmethod 3652 0x00007f39001b27d0 code [0x00007f39001b2920, 0x00007f39001b2a30]
Event: 8.953 Thread 0x00007f3910185800 3651       1       org.springframework.beans.factory.config.InstantiationAwareBeanPostProcessorAdapter::postProcessBeforeInstantiation (2 bytes)
Event: 8.953 Thread 0x00007f3910185800 nmethod 3651 0x00007f390022b1d0 code [0x00007f390022b320, 0x00007f390022b430]
Event: 9.082 Thread 0x00007f3910185800 3664       3       org.apache.logging.log4j.core.layout.PatternLayout$PatternSerializer::toSerializable (80 bytes)
Event: 9.083 Thread 0x00007f3910185800 nmethod 3664 0x00007f39000df2d0 code [0x00007f39000df4c0, 0x00007f39000dfde8]
Event: 9.768 Thread 0x00007f3910185800 3665       3       java.util.concurrent.SynchronousQueue$TransferStack::shouldSpin (30 bytes)

GC Heap History (10 events):
Event: 1.792 GC heap after
Heap after GC invocations=8 (full 1):
 PSYoungGen      total 69120K, used 0K [0x00000000ebf00000, 0x00000000f4600000, 0x0000000100000000)
  eden space 62976K, 0% used [0x00000000ebf00000,0x00000000ebf00000,0x00000000efc80000)
  from space 6144K, 0% used [0x00000000efc80000,0x00000000efc80000,0x00000000f0280000)
  to   space 6144K, 0% used [0x00000000f4000000,0x00000000f4000000,0x00000000f4600000)
 ParOldGen       total 29696K, used 6100K [0x00000000c3c00000, 0x00000000c5900000, 0x00000000ebf00000)
  object space 29696K, 20% used [0x00000000c3c00000,0x00000000c41f5000,0x00000000c5900000)
 Metaspace       used 20024K, capacity 21192K, committed 21296K, reserved 1067008K
  class space    used 2614K, capacity 2867K, committed 2944K, reserved 1048576K
}
Event: 2.137 GC heap before
{Heap before GC invocations=9 (full 1):
 PSYoungGen      total 69120K, used 62959K [0x00000000ebf00000, 0x00000000f4600000, 0x0000000100000000)
  eden space 62976K, 99% used [0x00000000ebf00000,0x00000000efc7be08,0x00000000efc80000)
  from space 6144K, 0% used [0x00000000efc80000,0x00000000efc80000,0x00000000f0280000)
  to   space 6144K, 0% used [0x00000000f4000000,0x00000000f4000000,0x00000000f4600000)
 ParOldGen       total 29696K, used 6100K [0x00000000c3c00000, 0x00000000c5900000, 0x00000000ebf00000)
  object space 29696K, 20% used [0x00000000c3c00000,0x00000000c41f5000,0x00000000c5900000)
 Metaspace       used 23162K, capacity 24436K, committed 24704K, reserved 1071104K
  class space    used 3068K, capacity 3347K, committed 3456K, reserved 1048576K
Event: 2.143 GC heap after
Heap after GC invocations=9 (full 1):
 PSYoungGen      total 110080K, used 4038K [0x00000000ebf00000, 0x00000000f4400000, 0x0000000100000000)
  eden space 105984K, 0% used [0x00000000ebf00000,0x00000000ebf00000,0x00000000f2680000)
  from space 4096K, 98% used [0x00000000f4000000,0x00000000f43f1b28,0x00000000f4400000)
  to   space 6144K, 0% used [0x00000000f3800000,0x00000000f3800000,0x00000000f3e00000)
 ParOldGen       total 29696K, used 6108K [0x00000000c3c00000, 0x00000000c5900000, 0x00000000ebf00000)
  object space 29696K, 20% used [0x00000000c3c00000,0x00000000c41f7000,0x00000000c5900000)
 Metaspace       used 23162K, capacity 24436K, committed 24704K, reserved 1071104K
  class space    used 3068K, capacity 3347K, committed 3456K, reserved 1048576K
}
Event: 3.149 GC heap before
{Heap before GC invocations=10 (full 1):
 PSYoungGen      total 110080K, used 110022K [0x00000000ebf00000, 0x00000000f4400000, 0x0000000100000000)
  eden space 105984K, 100% used [0x00000000ebf00000,0x00000000f2680000,0x00000000f2680000)
  from space 4096K, 98% used [0x00000000f4000000,0x00000000f43f1b28,0x00000000f4400000)
  to   space 6144K, 0% used [0x00000000f3800000,0x00000000f3800000,0x00000000f3e00000)
 ParOldGen       total 29696K, used 6114K [0x00000000c3c00000, 0x00000000c5900000, 0x00000000ebf00000)
  object space 29696K, 20% used [0x00000000c3c00000,0x00000000c41f8988,0x00000000c5900000)
 Metaspace       used 29309K, capacity 30788K, committed 30848K, reserved 1075200K
  class space    used 3890K, capacity 4195K, committed 4224K, reserved 1048576K
Event: 3.164 GC heap after
Heap after GC invocations=10 (full 1):
 PSYoungGen      total 130048K, used 6126K [0x00000000ebf00000, 0x00000000f5f80000, 0x0000000100000000)
  eden space 123904K, 0% used [0x00000000ebf00000,0x00000000ebf00000,0x00000000f3800000)
  from space 6144K, 99% used [0x00000000f3800000,0x00000000f3dfbbe8,0x00000000f3e00000)
  to   space 8704K, 0% used [0x00000000f5700000,0x00000000f5700000,0x00000000f5f80000)
 ParOldGen       total 29696K, used 10901K [0x00000000c3c00000, 0x00000000c5900000, 0x00000000ebf00000)
  object space 29696K, 36% used [0x00000000c3c00000,0x00000000c46a5408,0x00000000c5900000)
 Metaspace       used 29309K, capacity 30788K, committed 30848K, reserved 1075200K
  class space    used 3890K, capacity 4195K, committed 4224K, reserved 1048576K
}
Event: 3.991 GC heap before
{Heap before GC invocations=11 (full 1):
 PSYoungGen      total 130048K, used 65509K [0x00000000ebf00000, 0x00000000f5f80000, 0x0000000100000000)
  eden space 123904K, 47% used [0x00000000ebf00000,0x00000000ef8fdbf0,0x00000000f3800000)
  from space 6144K, 99% used [0x00000000f3800000,0x00000000f3dfbbe8,0x00000000f3e00000)
  to   space 8704K, 0% used [0x00000000f5700000,0x00000000f5700000,0x00000000f5f80000)
 ParOldGen       total 29696K, used 10901K [0x00000000c3c00000, 0x00000000c5900000, 0x00000000ebf00000)
  object space 29696K, 36% used [0x00000000c3c00000,0x00000000c46a5408,0x00000000c5900000)
 Metaspace       used 33571K, capacity 35322K, committed 35496K, reserved 1079296K
  class space    used 4510K, capacity 4854K, committed 4864K, reserved 1048576K
Event: 4.001 GC heap after
Heap after GC invocations=11 (full 1):
 PSYoungGen      total 154624K, used 8277K [0x00000000ebf00000, 0x00000000f7700000, 0x0000000100000000)
  eden space 145920K, 0% used [0x00000000ebf00000,0x00000000ebf00000,0x00000000f4d80000)
  from space 8704K, 95% used [0x00000000f5700000,0x00000000f5f15578,0x00000000f5f80000)
  to   space 9728K, 0% used [0x00000000f4d80000,0x00000000f4d80000,0x00000000f5700000)
 ParOldGen       total 29696K, used 12915K [0x00000000c3c00000, 0x00000000c5900000, 0x00000000ebf00000)
  object space 29696K, 43% used [0x00000000c3c00000,0x00000000c489cd30,0x00000000c5900000)
 Metaspace       used 33571K, capacity 35322K, committed 35496K, reserved 1079296K
  class space    used 4510K, capacity 4854K, committed 4864K, reserved 1048576K
}
Event: 4.001 GC heap before
{Heap before GC invocations=12 (full 2):
 PSYoungGen      total 154624K, used 8277K [0x00000000ebf00000, 0x00000000f7700000, 0x0000000100000000)
  eden space 145920K, 0% used [0x00000000ebf00000,0x00000000ebf00000,0x00000000f4d80000)
  from space 8704K, 95% used [0x00000000f5700000,0x00000000f5f15578,0x00000000f5f80000)
  to   space 9728K, 0% used [0x00000000f4d80000,0x00000000f4d80000,0x00000000f5700000)
 ParOldGen       total 29696K, used 12915K [0x00000000c3c00000, 0x00000000c5900000, 0x00000000ebf00000)
  object space 29696K, 43% used [0x00000000c3c00000,0x00000000c489cd30,0x00000000c5900000)
 Metaspace       used 33571K, capacity 35322K, committed 35496K, reserved 1079296K
  class space    used 4510K, capacity 4854K, committed 4864K, reserved 1048576K
Event: 4.057 GC heap after
Heap after GC invocations=12 (full 2):
 PSYoungGen      total 154624K, used 0K [0x00000000ebf00000, 0x00000000f7700000, 0x0000000100000000)
  eden space 145920K, 0% used [0x00000000ebf00000,0x00000000ebf00000,0x00000000f4d80000)
  from space 8704K, 0% used [0x00000000f5700000,0x00000000f5700000,0x00000000f5f80000)
  to   space 9728K, 0% used [0x00000000f4d80000,0x00000000f4d80000,0x00000000f5700000)
 ParOldGen       total 49152K, used 14336K [0x00000000c3c00000, 0x00000000c6c00000, 0x00000000ebf00000)
  object space 49152K, 29% used [0x00000000c3c00000,0x00000000c4a00120,0x00000000c6c00000)
 Metaspace       used 33571K, capacity 35322K, committed 35496K, reserved 1079296K
  class space    used 4510K, capacity 4854K, committed 4864K, reserved 1048576K
}
Event: 10.270 GC heap before
{Heap before GC invocations=13 (full 2):
 PSYoungGen      total 154624K, used 145920K [0x00000000ebf00000, 0x00000000f7700000, 0x0000000100000000)
  eden space 145920K, 100% used [0x00000000ebf00000,0x00000000f4d80000,0x00000000f4d80000)
  from space 8704K, 0% used [0x00000000f5700000,0x00000000f5700000,0x00000000f5f80000)
  to   space 9728K, 0% used [0x00000000f4d80000,0x00000000f4d80000,0x00000000f5700000)
 ParOldGen       total 49152K, used 14342K [0x00000000c3c00000, 0x00000000c6c00000, 0x00000000ebf00000)
  object space 49152K, 29% used [0x00000000c3c00000,0x00000000c4a01ba0,0x00000000c6c00000)
 Metaspace       used 47052K, capacity 49148K, committed 49408K, reserved 1091584K
  class space    used 6479K, capacity 6879K, committed 6912K, reserved 1048576K

Deoptimization events (10 events):
Event: 4.948 Thread 0x00007f391000b000 Uncommon trap: reason=unstable_if action=reinterpret pc=0x00007f3900a7e250 method=java.util.Properties$LineReader.readLine()I @ 174
Event: 5.054 Thread 0x00007f391000b000 Uncommon trap: reason=unstable_if action=reinterpret pc=0x00007f39006f1c38 method=sun.misc.ASCIICaseInsensitiveComparator.compare(Ljava/lang/String;Ljava/lang/String;)I @ 83
Event: 5.138 Thread 0x00007f391000b000 Uncommon trap: reason=unstable_if action=reinterpret pc=0x00007f390016da48 method=java.lang.AbstractStringBuilder.append(Ljava/lang/String;)Ljava/lang/AbstractStringBuilder; @ 1
Event: 5.144 Thread 0x00007f391000b000 Uncommon trap: reason=unstable_if action=reinterpret pc=0x00007f39006e4918 method=java.lang.StringCoding.encode(Ljava/lang/String;[CII)[B @ 38
Event: 5.256 Thread 0x00007f38ac030800 Uncommon trap: reason=unstable_if action=reinterpret pc=0x00007f390074d068 method=java.util.LinkedHashMap.get(Ljava/lang/Object;)Ljava/lang/Object; @ 20
Event: 6.818 Thread 0x00007f391000b000 Uncommon trap: reason=unstable_if action=reinterpret pc=0x00007f3900533e34 method=java.lang.ClassLoader.getClassLoadingLock(Ljava/lang/String;)Ljava/lang/Object; @ 6
Event: 7.344 Thread 0x00007f391000b000 Uncommon trap: reason=class_check action=maybe_recompile pc=0x00007f3900af9e14 method=java.lang.reflect.Executable.getAnnotation(Ljava/lang/Class;)Ljava/lang/annotation/Annotation; @ 19
Event: 8.656 Thread 0x00007f391000b000 Uncommon trap: reason=class_check action=maybe_recompile pc=0x00007f3900af9e14 method=java.lang.reflect.Executable.getAnnotation(Ljava/lang/Class;)Ljava/lang/annotation/Annotation; @ 19
Event: 8.877 Thread 0x00007f391000b000 Uncommon trap: reason=class_check action=maybe_recompile pc=0x00007f3900af9e14 method=java.lang.reflect.Executable.getAnnotation(Ljava/lang/Class;)Ljava/lang/annotation/Annotation; @ 19
Event: 8.877 Thread 0x00007f391000b000 Uncommon trap: reason=class_check action=maybe_recompile pc=0x00007f3900af9e14 method=java.lang.reflect.Executable.getAnnotation(Ljava/lang/Class;)Ljava/lang/annotation/Annotation; @ 19

Classes redefined (0 events):
No events

Internal exceptions (10 events):
Event: 8.863 Thread 0x00007f391000b000 Exception <a 'java/lang/ClassNotFoundException': java/lang/ObjectCustomizer> (0x00000000f48f9cd0) thrown at [/HUDSON/workspace/8-2-build-linux-amd64/jdk8u181/11358/hotspot/src/share/vm/classfile/systemDictionary.cpp, line 210]
Event: 8.863 Thread 0x00007f391000b000 Exception <a 'java/lang/ClassNotFoundException': org/springframework/beans/factory/config/AbstractFactoryBeanCustomizer> (0x00000000f491fac8) thrown at [/HUDSON/workspace/8-2-build-linux-amd64/jdk8u181/11358/hotspot/src/share/vm/classfile/systemDictionary
Event: 8.864 Thread 0x00007f391000b000 Exception <a 'java/lang/ClassNotFoundException': org/springframework/beans/factory/config/ObjectFactoryCreatingFactoryBeanCustomizer> (0x00000000f4950a58) thrown at [/HUDSON/workspace/8-2-build-linux-amd64/jdk8u181/11358/hotspot/src/share/vm/classfile/sys
Event: 8.865 Thread 0x00007f391000b000 Exception <a 'java/lang/ClassNotFoundException': org/springframework/beans/factory/FactoryBeanCustomizer> (0x00000000f497c1a8) thrown at [/HUDSON/workspace/8-2-build-linux-amd64/jdk8u181/11358/hotspot/src/share/vm/classfile/systemDictionary.cpp, line 210]
Event: 8.865 Thread 0x00007f391000b000 Exception <a 'java/lang/ClassNotFoundException': org/springframework/beans/factory/BeanClassLoaderAwareCustomizer> (0x00000000f499fe80) thrown at [/HUDSON/workspace/8-2-build-linux-amd64/jdk8u181/11358/hotspot/src/share/vm/classfile/systemDictionary.cpp, 
Event: 8.866 Thread 0x00007f391000b000 Exception <a 'java/lang/ClassNotFoundException': org/springframework/beans/factory/AwareCustomizer> (0x00000000f49bc0c8) thrown at [/HUDSON/workspace/8-2-build-linux-amd64/jdk8u181/11358/hotspot/src/share/vm/classfile/systemDictionary.cpp, line 210]
Event: 8.866 Thread 0x00007f391000b000 Exception <a 'java/lang/ClassNotFoundException': org/springframework/beans/factory/BeanFactoryAwareCustomizer> (0x00000000f49db4c8) thrown at [/HUDSON/workspace/8-2-build-linux-amd64/jdk8u181/11358/hotspot/src/share/vm/classfile/systemDictionary.cpp, line
Event: 8.866 Thread 0x00007f391000b000 Exception <a 'java/lang/ClassNotFoundException': org/springframework/beans/factory/AwareCustomizer> (0x00000000f49f7c70) thrown at [/HUDSON/workspace/8-2-build-linux-amd64/jdk8u181/11358/hotspot/src/share/vm/classfile/systemDictionary.cpp, line 210]
Event: 8.867 Thread 0x00007f391000b000 Exception <a 'java/lang/ClassNotFoundException': org/springframework/beans/factory/InitializingBeanCustomizer> (0x00000000f4a16fe8) thrown at [/HUDSON/workspace/8-2-build-linux-amd64/jdk8u181/11358/hotspot/src/share/vm/classfile/systemDictionary.cpp, line
Event: 8.867 Thread 0x00007f391000b000 Exception <a 'java/lang/ClassNotFoundException': org/springframework/beans/factory/DisposableBeanCustomizer> (0x00000000f4a357d0) thrown at [/HUDSON/workspace/8-2-build-linux-amd64/jdk8u181/11358/hotspot/src/share/vm/classfile/systemDictionary.cpp, line 2

Events (10 events):
Event: 9.614 Executing VM operation: RevokeBias done
Event: 9.614 Executing VM operation: RevokeBias
Event: 9.657 Executing VM operation: RevokeBias done
Event: 9.657 Executing VM operation: RevokeBias
Event: 9.661 Executing VM operation: RevokeBias done
Event: 9.661 Executing VM operation: RevokeBias
Event: 9.712 Executing VM operation: RevokeBias done
Event: 9.791 loading class org/hibernate/cfg/beanvalidation/ValidationMode
Event: 9.791 loading class org/hibernate/cfg/beanvalidation/ValidationMode done
Event: 9.796 Executing VM operation: ParallelGCFailedAllocation


Dynamic libraries:
00400000-00401000 r-xp 00000000 08:06 300128                             /usr/lib/jvm/java-8-oracle/jre/bin/java
00600000-00601000 rw-p 00000000 08:06 300128                             /usr/lib/jvm/java-8-oracle/jre/bin/java
0140d000-0142e000 rw-p 00000000 00:00 0                                  [heap]
c3c00000-c6c00000 rw-p 00000000 00:00 0 
c6c00000-ebf00000 ---p 00000000 00:00 0 
ebf00000-f7700000 rw-p 00000000 00:00 0 
fa980000-100000000 ---p 00000000 00:00 0 
100000000-1006c0000 rw-p 00000000 00:00 0 
1006c0000-140000000 ---p 00000000 00:00 0 
7f38a0000000-7f38a0021000 rw-p 00000000 00:00 0 
7f38a0021000-7f38a4000000 ---p 00000000 00:00 0 
7f38a8000000-7f38a8021000 rw-p 00000000 00:00 0 
7f38a8021000-7f38ac000000 ---p 00000000 00:00 0 
7f38ac000000-7f38ac042000 rw-p 00000000 00:00 0 
7f38ac042000-7f38b0000000 ---p 00000000 00:00 0 
7f38b0000000-7f38b0021000 rw-p 00000000 00:00 0 
7f38b0021000-7f38b4000000 ---p 00000000 00:00 0 
7f38b4000000-7f38b4780000 rw-p 00000000 00:00 0 
7f38b4780000-7f38b8000000 ---p 00000000 00:00 0 
7f38b8000000-7f38b8021000 rw-p 00000000 00:00 0 
7f38b8021000-7f38bc000000 ---p 00000000 00:00 0 
7f38bc000000-7f38bc089000 rw-p 00000000 00:00 0 
7f38bc089000-7f38c0000000 ---p 00000000 00:00 0 
7f38c0000000-7f38c0021000 rw-p 00000000 00:00 0 
7f38c0021000-7f38c4000000 ---p 00000000 00:00 0 
7f38c4000000-7f38c4021000 rw-p 00000000 00:00 0 
7f38c4021000-7f38c8000000 ---p 00000000 00:00 0 
7f38c8000000-7f38c95d3000 rw-p 00000000 00:00 0 
7f38c95d3000-7f38cc000000 ---p 00000000 00:00 0 
7f38cc000000-7f38cceea000 rw-p 00000000 00:00 0 
7f38cceea000-7f38d0000000 ---p 00000000 00:00 0 
7f38d0000000-7f38d0021000 rw-p 00000000 00:00 0 
7f38d0021000-7f38d4000000 ---p 00000000 00:00 0 
7f38d4000000-7f38d5d42000 rw-p 00000000 00:00 0 
7f38d5d42000-7f38d8000000 ---p 00000000 00:00 0 
7f38d8000000-7f38d8021000 rw-p 00000000 00:00 0 
7f38d8021000-7f38dc000000 ---p 00000000 00:00 0 
7f38dc000000-7f38dc021000 rw-p 00000000 00:00 0 
7f38dc021000-7f38e0000000 ---p 00000000 00:00 0 
7f38e0000000-7f38e0021000 rw-p 00000000 00:00 0 
7f38e0021000-7f38e4000000 ---p 00000000 00:00 0 
7f38e4000000-7f38e4292000 rw-p 00000000 00:00 0 
7f38e4292000-7f38e8000000 ---p 00000000 00:00 0 
7f38e8000000-7f38e8021000 rw-p 00000000 00:00 0 
7f38e8021000-7f38ec000000 ---p 00000000 00:00 0 
7f38ec5ff000-7f38ec77f000 rw-p 00000000 00:00 0 
7f38ec77f000-7f38ec7ff000 ---p 00000000 00:00 0 
7f38ec7ff000-7f38ec9ff000 rw-p 00000000 00:00 0 
7f38ec9ff000-7f38ecbff000 rw-p 00000000 00:00 0 
7f38ecbff000-7f38ecdff000 rw-p 00000000 00:00 0 
7f38ecdff000-7f38ecfff000 rw-p 00000000 00:00 0 
7f38ecfff000-7f38f0000000 rw-p 00000000 00:00 0 
7f38f0000000-7f38f0023000 rw-p 00000000 00:00 0 
7f38f0023000-7f38f4000000 ---p 00000000 00:00 0 
7f38f40f2000-7f38f40f5000 ---p 00000000 00:00 0 
7f38f40f5000-7f38f41f3000 rw-p 00000000 00:00 0 
7f38f41f3000-7f38f41f8000 r--s 002f9000 08:06 300152                     /usr/lib/jvm/java-8-oracle/jre/lib/charsets.jar
7f38f41f8000-7f38f41fd000 r--s 0009d000 08:06 300159                     /usr/lib/jvm/java-8-oracle/jre/lib/jsse.jar
7f38f41fd000-7f38f43fd000 rw-p 00000000 00:00 0 
7f38f43fd000-7f38f45fd000 rw-p 00000000 00:00 0 
7f38f45fd000-7f38f47fd000 rw-p 00000000 00:00 0 
7f38f47fd000-7f38f49fd000 rw-p 00000000 00:00 0 
7f38f49fd000-7f38f4bfd000 rw-p 00000000 00:00 0 
7f38f4bfd000-7f38f4c92000 r--s 0110e000 08:06 300257                     /usr/lib/jvm/java-8-oracle/jre/lib/ext/jfxrt.jar
7f38f4c92000-7f38f4c95000 ---p 00000000 00:00 0 
7f38f4c95000-7f38f4f93000 rw-p 00000000 00:00 0 
7f38f4f93000-7f38f4f96000 ---p 00000000 00:00 0 
7f38f4f96000-7f38f5294000 rw-p 00000000 00:00 0 
7f38f5294000-7f38f5494000 rw-p 00000000 00:00 0 
7f38f5494000-7f38f5694000 rw-p 00000000 00:00 0 
7f38f5694000-7f38f5697000 ---p 00000000 00:00 0 
7f38f5697000-7f38f5995000 rw-p 00000000 00:00 0 
7f38f5995000-7f38f59ab000 r-xp 00000000 08:06 300369                     /usr/lib/jvm/java-8-oracle/jre/lib/amd64/libnet.so
7f38f59ab000-7f38f5bab000 ---p 00016000 08:06 300369                     /usr/lib/jvm/java-8-oracle/jre/lib/amd64/libnet.so
7f38f5bab000-7f38f5bac000 rw-p 00016000 08:06 300369                     /usr/lib/jvm/java-8-oracle/jre/lib/amd64/libnet.so
7f38f5bac000-7f38f5bbd000 r-xp 00000000 08:06 300372                     /usr/lib/jvm/java-8-oracle/jre/lib/amd64/libnio.so
7f38f5bbd000-7f38f5dbc000 ---p 00011000 08:06 300372                     /usr/lib/jvm/java-8-oracle/jre/lib/amd64/libnio.so
7f38f5dbc000-7f38f5dbd000 rw-p 00010000 08:06 300372                     /usr/lib/jvm/java-8-oracle/jre/lib/amd64/libnio.so
7f38f5dbd000-7f38f5fbd000 rw-p 00000000 00:00 0 
7f38f5fbd000-7f38f61bd000 rw-p 00000000 00:00 0 
7f38f61bd000-7f38f61d8000 r--s 001d4000 08:06 300259                     /usr/lib/jvm/java-8-oracle/jre/lib/ext/nashorn.jar
7f38f61d8000-7f38f61db000 ---p 00000000 00:00 0 
7f38f61db000-7f38f6211000 rw-p 00000000 00:00 0 
7f38f6211000-7f38f6214000 r--s 00015000 08:07 4696025                    /home/chulu/.m2/repository/org/junit/platform/junit-platform-launcher/1.3.1/junit-platform-launcher-1.3.1.jar
7f38f6214000-7f38f6217000 r--s 0000e000 08:07 4696026                    /home/chulu/.m2/repository/org/apache/maven/surefire/surefire-junit-platform/2.22.2/surefire-junit-platform-2.22.2.jar
7f38f6217000-7f38f622f000 r--s 000f7000 08:07 3654237                    /home/chulu/.m2/repository/org/apache/logging/log4j/log4j-core/2.5/log4j-core-2.5.jar
7f38f622f000-7f38f6232000 r--s 00021000 08:07 3000085                    /home/chulu/.m2/repository/org/apache/logging/log4j/log4j-api/2.5/log4j-api-2.5.jar
7f38f6232000-7f38f623e000 r--s 00061000 08:07 2999960                    /home/chulu/.m2/repository/org/springframework/security/spring-security-core/5.2.1.RELEASE/spring-security-core-5.2.1.RELEASE.jar
7f38f623e000-7f38f6241000 r--s 00010000 08:07 2999963                    /home/chulu/.m2/repository/org/springframework/security/spring-security-test/5.2.1.RELEASE/spring-security-test-5.2.1.RELEASE.jar
7f38f6241000-7f38f6246000 r--s 00025000 08:07 4566023                    /home/chulu/.m2/repository/org/xmlunit/xmlunit-core/2.6.3/xmlunit-core-2.6.3.jar
7f38f6246000-7f38f6255000 r--s 00096000 08:07 4566022                    /home/chulu/.m2/repository/org/springframework/spring-test/5.2.1.RELEASE/spring-test-5.2.1.RELEASE.jar
7f38f6255000-7f38f6256000 r--s 00005000 08:07 3654101                    /home/chulu/.m2/repository/org/springframework/spring-jcl/5.2.1.RELEASE/spring-jcl-5.2.1.RELEASE.jar
7f38f6256000-7f38f6271000 r--s 00143000 08:07 3654099                    /home/chulu/.m2/repository/org/springframework/spring-core/5.2.1.RELEASE/spring-core-5.2.1.RELEASE.jar
7f38f6271000-7f38f6272000 r--s 00004000 08:07 2997607                    /home/chulu/.m2/repository/com/vaadin/external/google/android-json/0.0.20131108.vaadin1/android-json-0.0.20131108.vaadin1.jar
7f38f6272000-7f38f6274000 r--s 00006000 08:07 2997604                    /home/chulu/.m2/repository/org/skyscreamer/jsonassert/1.5.0/jsonassert-1.5.0.jar
7f38f6274000-7f38f6276000 r--s 0000c000 08:07 2997600                    /home/chulu/.m2/repository/org/objenesis/objenesis/2.6/objenesis-2.6.jar
7f38f6276000-7f38f627a000 r--s 0003c000 08:07 3781500                    /home/chulu/.m2/repository/net/bytebuddy/byte-buddy-agent/1.10.2/byte-buddy-agent-1.10.2.jar
7f38f627a000-7f38f628b000 r--s 00080000 08:07 3654098                    /home/chulu/.m2/repository/org/mockito/mockito-core/3.1.0/mockito-core-3.1.0.jar
7f38f628b000-7f38f628f000 r--s 0001b000 08:07 4566019                    /home/chulu/.m2/repository/org/hamcrest/hamcrest/2.1/hamcrest-2.1.jar
7f38f628f000-7f38f62f4000 r--s 003e1000 08:07 3911731                    /home/chulu/.m2/repository/org/assertj/assertj-core/3.13.2/assertj-core-3.13.2.jar
7f38f62f4000-7f38f62f5000 r--s 00001000 08:07 3524210                    /home/chulu/.m2/repository/org/mockito/mockito-junit-jupiter/3.1.0/mockito-junit-jupiter-3.1.0.jar
7f38f62f5000-7f38f62fa000 r--s 00024000 08:07 4566017                    /home/chulu/.m2/repository/org/junit/platform/junit-platform-engine/1.5.2/junit-platform-engine-1.5.2.jar
7f38f62fa000-7f38f62ff000 r--s 00031000 08:07 4566016                    /home/chulu/.m2/repository/org/junit/jupiter/junit-jupiter-engine/5.5.2/junit-jupiter-engine-5.5.2.jar
7f38f62ff000-7f38f630c000 r--s 0007a000 08:07 4435756                    /home/chulu/.m2/repository/org/junit/jupiter/junit-jupiter-params/5.5.2/junit-jupiter-params-5.5.2.jar
7f38f630c000-7f38f630e000 r--s 00015000 08:07 4435752                    /home/chulu/.m2/repository/org/junit/platform/junit-platform-commons/1.5.2/junit-platform-commons-1.5.2.jar
7f38f630e000-7f38f630f000 r--s 00001000 08:07 4435753                    /home/chulu/.m2/repository/org/opentest4j/opentest4j/1.2.0/opentest4j-1.2.0.jar
7f38f630f000-7f38f6310000 r--s 00000000 08:07 4435754                    /home/chulu/.m2/repository/org/apiguardian/apiguardian-api/1.1.0/apiguardian-api-1.1.0.jar
7f38f6310000-7f38f6314000 r--s 0001f000 08:07 4435747                    /home/chulu/.m2/repository/org/junit/jupiter/junit-jupiter-api/5.5.2/junit-jupiter-api-5.5.2.jar
7f38f6314000-7f38f6315000 r--s 00001000 08:07 4435746                    /home/chulu/.m2/repository/org/junit/jupiter/junit-jupiter/5.5.2/junit-jupiter-5.5.2.jar
7f38f6315000-7f38f6319000 r--s 00019000 08:07 4043559                    /home/chulu/.m2/repository/jakarta/xml/bind/jakarta.xml.bind-api/2.3.2/jakarta.xml.bind-api-2.3.2.jar
7f38f6319000-7f38f631b000 r--s 0000c000 08:07 2997586                    /home/chulu/.m2/repository/org/ow2/asm/asm/5.0.4/asm-5.0.4.jar
7f38f631b000-7f38f631d000 r--s 00006000 08:07 2997583                    /home/chulu/.m2/repository/net/minidev/accessors-smart/1.2/accessors-smart-1.2.jar
7f38f631d000-7f38f6320000 r--s 0001b000 08:07 2997579                    /home/chulu/.m2/repository/net/minidev/json-smart/2.3/json-smart-2.3.jar
7f38f6320000-7f38f6326000 r--s 00031000 08:07 2997578                    /home/chulu/.m2/repository/com/jayway/jsonpath/json-path/2.4.0/json-path-2.4.0.jar
7f38f6326000-7f38f632c000 r--s 00021000 08:07 4435743                    /home/chulu/.m2/repository/org/springframework/boot/spring-boot-test-autoconfigure/2.2.1.RELEASE/spring-boot-test-autoconfigure-2.2.1.RELEASE.jar
7f38f632c000-7f38f6332000 r--s 0002e000 08:07 4435741                    /home/chulu/.m2/repository/org/springframework/boot/spring-boot-test/2.2.1.RELEASE/spring-boot-test-2.2.1.RELEASE.jar
7f38f6332000-7f38f6333000 r--s 00000000 08:07 4435740                    /home/chulu/.m2/repository/org/springframework/boot/spring-boot-starter-test/2.2.1.RELEASE/spring-boot-starter-test-2.2.1.RELEASE.jar
7f38f6333000-7f38f634c000 r--s 00220000 08:07 2999896                    /home/chulu/.m2/repository/mysql/mysql-connector-java/8.0.18/mysql-connector-java-8.0.18.jar
7f38f634c000-7f38f635e000 r--s 000d5000 08:07 4435737                    /home/chulu/.m2/repository/org/springframework/spring-webmvc/5.2.1.RELEASE/spring-webmvc-5.2.1.RELEASE.jar
7f38f635e000-7f38f637b000 r--s 0013d000 08:07 3654096                    /home/chulu/.m2/repository/org/springframework/spring-web/5.2.1.RELEASE/spring-web-5.2.1.RELEASE.jar
7f38f637b000-7f38f6398000 r--s 000fe000 08:07 4435736                    /home/chulu/.m2/repository/org/hibernate/validator/hibernate-validator/6.0.18.Final/hibernate-validator-6.0.18.Final.jar
7f38f6398000-7f38f639d000 r--s 00012000 08:07 4435734                    /home/chulu/.m2/repository/jakarta/validation/jakarta.validation-api/2.0.1/jakarta.validation-api-2.0.1.jar
7f38f639d000-7f38f639e000 r--s 00000000 08:07 4305008                    /home/chulu/.m2/repository/org/springframework/boot/spring-boot-starter-validation/2.2.1.RELEASE/spring-boot-starter-validation-2.2.1.RELEASE.jar
7f38f639e000-7f38f63a3000 r--s 0003c000 08:07 4305007                    /home/chulu/.m2/repository/org/apache/tomcat/embed/tomcat-embed-websocket/9.0.27/tomcat-embed-websocket-9.0.27.jar
7f38f63a3000-7f38f63a8000 r--s 0003a000 08:07 4305006                    /home/chulu/.m2/repository/org/apache/tomcat/embed/tomcat-embed-el/9.0.27/tomcat-embed-el-9.0.27.jar
7f38f63a8000-7f38f63d3000 r--s 0030b000 08:07 4305005                    /home/chulu/.m2/repository/org/apache/tomcat/embed/tomcat-embed-core/9.0.27/tomcat-embed-core-9.0.27.jar
7f38f63d3000-7f38f63d4000 r--s 00000000 08:07 4304999                    /home/chulu/.m2/repository/org/springframework/boot/spring-boot-starter-tomcat/2.2.1.RELEASE/spring-boot-starter-tomcat-2.2.1.RELEASE.jar
7f38f63d4000-7f38f63d6000 r--s 00001000 08:07 4305001                    /home/chulu/.m2/repository/com/fasterxml/jackson/module/jackson-module-parameter-names/2.10.0/jackson-module-parameter-names-2.10.0.jar
7f38f63d6000-7f38f63d9000 r--s 00017000 08:07 4304997                    /home/chulu/.m2/repository/com/fasterxml/jackson/datatype/jackson-datatype-jsr310/2.10.0/jackson-datatype-jsr310-2.10.0.jar
7f38f63d9000-7f38f63db000 r--s 00007000 08:07 4304996                    /home/chulu/.m2/repository/com/fasterxml/jackson/datatype/jackson-datatype-jdk8/2.10.0/jackson-datatype-jdk8-2.10.0.jar
7f38f63db000-7f38f63e0000 r--s 00051000 08:07 4304995                    /home/chulu/.m2/repository/com/fasterxml/jackson/core/jackson-core/2.10.0/jackson-core-2.10.0.jar
7f38f63e0000-7f38f63e3000 r--s 0000e000 08:07 4174597                    /home/chulu/.m2/repository/com/fasterxml/jackson/core/jackson-annotations/2.10.0/jackson-annotations-2.10.0.jar
7f38f63e3000-7f38f63f9000 r--s 00141000 08:07 3781498                    /home/chulu/.m2/repository/com/fasterxml/jackson/core/jackson-databind/2.10.0/jackson-databind-2.10.0.jar
7f38f63f9000-7f38f63fa000 r--s 00000000 08:07 3524206                    /home/chulu/.m2/repository/org/springframework/boot/spring-boot-starter-json/2.2.1.RELEASE/spring-boot-starter-json-2.2.1.RELEASE.jar
7f38f63fa000-7f38f63fb000 r--s 00000000 08:07 3130150                    /home/chulu/.m2/repository/org/springframework/boot/spring-boot-starter-web/2.2.1.RELEASE/spring-boot-starter-web-2.2.1.RELEASE.jar
7f38f63fb000-7f38f6400000 r--s 00040000 08:07 3524208                    /home/chulu/.m2/repository/org/springframework/spring-expression/5.2.1.RELEASE/spring-expression-5.2.1.RELEASE.jar
7f38f6400000-7f38f640f000 r--s 0007c000 08:07 2999962                    /home/chulu/.m2/repository/org/springframework/security/spring-security-web/5.2.1.RELEASE/spring-security-web-5.2.1.RELEASE.jar
7f38f640f000-7f38f641d000 r--s 000c4000 08:07 2999961                    /home/chulu/.m2/repository/org/springframework/security/spring-security-config/5.2.1.RELEASE/spring-security-config-5.2.1.RELEASE.jar
7f38f641d000-7f38f6426000 r--s 00052000 08:07 3654073                    /home/chulu/.m2/repository/org/springframework/spring-aop/5.2.1.RELEASE/spring-aop-5.2.1.RELEASE.jar
7f38f6426000-7f38f642d000 r--s 00044000 08:07 3654090                    /home/chulu/.m2/repository/org/yaml/snakeyaml/1.25/snakeyaml-1.25.jar
7f38f642d000-7f38f642f000 r--s 00005000 08:07 3654089                    /home/chulu/.m2/repository/jakarta/annotation/jakarta.annotation-api/1.3.5/jakarta.annotation-api-1.3.5.jar
7f38f642f000-7f38f6431000 r--s 00000000 08:07 3654088                    /home/chulu/.m2/repository/org/slf4j/jul-to-slf4j/1.7.29/jul-to-slf4j-1.7.29.jar
7f38f6431000-7f38f6433000 r--s 00003000 08:07 3654083                    /home/chulu/.m2/repository/org/apache/logging/log4j/log4j-to-slf4j/2.12.1/log4j-to-slf4j-2.12.1.jar
7f38f6433000-7f38f643e000 r--s 00069000 08:07 2997555                    /home/chulu/.m2/repository/ch/qos/logback/logback-core/1.2.3/logback-core-1.2.3.jar
7f38f643e000-7f38f6444000 r--s 00041000 08:07 2997554                    /home/chulu/.m2/repository/ch/qos/logback/logback-classic/1.2.3/logback-classic-1.2.3.jar
7f38f6444000-7f38f6445000 r--s 00000000 08:07 3654082                    /home/chulu/.m2/repository/org/springframework/boot/spring-boot-starter-logging/2.2.1.RELEASE/spring-boot-starter-logging-2.2.1.RELEASE.jar
7f38f6445000-7f38f646c000 r--s 0012c000 08:07 3654080                    /home/chulu/.m2/repository/org/springframework/boot/spring-boot-autoconfigure/2.2.1.RELEASE/spring-boot-autoconfigure-2.2.1.RELEASE.jar
7f38f646c000-7f38f6483000 r--s 000e7000 08:07 3654078                    /home/chulu/.m2/repository/org/springframework/boot/spring-boot/2.2.1.RELEASE/spring-boot-2.2.1.RELEASE.jar
7f38f6483000-7f38f6484000 r--s 00000000 08:07 3654077                    /home/chulu/.m2/repository/org/springframework/boot/spring-boot-starter/2.2.1.RELEASE/spring-boot-starter-2.2.1.RELEASE.jar
7f38f6484000-7f38f6485000 r--s 00000000 08:07 2999959                    /home/chulu/.m2/repository/org/springframework/boot/spring-boot-starter-security/2.2.1.RELEASE/spring-boot-starter-security-2.2.1.RELEASE.jar
7f38f6485000-7f38f6487000 r--s 0000a000 08:07 4174592                    /home/chulu/.m2/repository/org/springframework/spring-aspects/5.2.1.RELEASE/spring-aspects-5.2.1.RELEASE.jar
7f38f6487000-7f38f6494000 r--s 0009b000 08:07 3130148                    /home/chulu/.m2/repository/org/springframework/spring-beans/5.2.1.RELEASE/spring-beans-5.2.1.RELEASE.jar
7f38f6494000-7f38f649d000 r--s 00044000 08:07 3781488                    /home/chulu/.m2/repository/org/springframework/spring-tx/5.2.1.RELEASE/spring-tx-5.2.1.RELEASE.jar
7f38f649d000-7f38f64b8000 r--s 0010e000 08:07 3654070                    /home/chulu/.m2/repository/org/springframework/spring-context/5.2.1.RELEASE/spring-context-5.2.1.RELEASE.jar
7f38f64b8000-7f38f64d1000 r--s 0010f000 08:07 3781484                    /home/chulu/.m2/repository/org/springframework/data/spring-data-commons/2.2.1.RELEASE/spring-data-commons-2.2.1.RELEASE.jar
7f38f64d1000-7f38f6519000 r--s 002e9000 08:07 3911723                    /home/chulu/.m2/repository/net/bytebuddy/byte-buddy/1.10.2/byte-buddy-1.10.2.jar
7f38f6519000-7f38f651c000 ---p 00000000 00:00 0 
7f38f651c000-7f38f661a000 rw-p 00000000 00:00 0 
7f38f661a000-7f38f6623000 r-xp 00000000 08:06 300377                     /usr/lib/jvm/java-8-oracle/jre/lib/amd64/libmanagement.so
7f38f6623000-7f38f6822000 ---p 00009000 08:06 300377                     /usr/lib/jvm/java-8-oracle/jre/lib/amd64/libmanagement.so
7f38f6822000-7f38f6823000 rw-p 00008000 08:06 300377                     /usr/lib/jvm/java-8-oracle/jre/lib/amd64/libmanagement.so
7f38f6823000-7f38f6826000 ---p 00000000 00:00 0 
7f38f6826000-7f38f6924000 rw-p 00000000 00:00 0 
7f38f6924000-7f38f6925000 ---p 00000000 00:00 0 
7f38f6925000-7f38f6a25000 rw-p 00000000 00:00 0 
7f38f6a25000-7f38f6a28000 ---p 00000000 00:00 0 
7f38f6a28000-7f38f6b26000 rw-p 00000000 00:00 0 
7f38f6b26000-7f38f6b27000 ---p 00000000 00:00 0 
7f38f6b27000-7f38f6b2a000 ---p 00000000 00:00 0 
7f38f6b2a000-7f38f6c27000 rw-p 00000000 00:00 0 
7f38f6c27000-7f38f6c28000 ---p 00000000 00:00 0 
7f38f6c28000-7f38f6c2b000 ---p 00000000 00:00 0 
7f38f6c2b000-7f38f6d28000 rw-p 00000000 00:00 0 
7f38f6d28000-7f38f6d29000 ---p 00000000 00:00 0 
7f38f6d29000-7f38f6d2c000 ---p 00000000 00:00 0 
7f38f6d2c000-7f38f6e29000 rw-p 00000000 00:00 0 
7f38f6e29000-7f38f6e2c000 ---p 00000000 00:00 0 
7f38f6e2c000-7f38f6f2a000 rw-p 00000000 00:00 0 
7f38f6f2a000-7f38f78f9000 r--p 00000000 08:06 271318                     /usr/lib/locale/locale-archive
7f38f78f9000-7f38f78fc000 ---p 00000000 00:00 0 
7f38f78fc000-7f38f79fa000 rw-p 00000000 00:00 0 
7f38f79fa000-7f38f79fd000 ---p 00000000 00:00 0 
7f38f79fd000-7f38f7afb000 rw-p 00000000 00:00 0 
7f38f7afb000-7f38f7afc000 ---p 00000000 00:00 0 
7f38f7afc000-7f38f8000000 rw-p 00000000 00:00 0 
7f38f8000000-7f38f8021000 rw-p 00000000 00:00 0 
7f38f8021000-7f38fc000000 ---p 00000000 00:00 0 
7f38fc000000-7f38fc002000 r--s 00009000 08:07 3654071                    /home/chulu/.m2/repository/org/slf4j/slf4j-api/1.7.29/slf4j-api-1.7.29.jar
7f38fc002000-7f38fc007000 r--s 0002d000 08:07 4174589                    /home/chulu/.m2/repository/org/springframework/spring-orm/5.2.1.RELEASE/spring-orm-5.2.1.RELEASE.jar
7f38fc007000-7f38fc00f000 r--s 00052000 08:07 4174588                    /home/chulu/.m2/repository/org/springframework/data/spring-data-jpa/2.2.1.RELEASE/spring-data-jpa-2.2.1.RELEASE.jar
7f38fc00f000-7f38fc014000 r--s 00049000 08:07 4174587                    /home/chulu/.m2/repository/com/sun/xml/fastinfoset/FastInfoset/1.2.16/FastInfoset-1.2.16.jar
7f38fc014000-7f38fc016000 r--s 00008000 08:07 4174584                    /home/chulu/.m2/repository/org/jvnet/staxex/stax-ex/1.8.1/stax-ex-1.8.1.jar
7f38fc016000-7f38fc018000 r--s 00005000 08:07 4174583                    /home/chulu/.m2/repository/com/sun/istack/istack-commons-runtime/3.0.8/istack-commons-runtime-3.0.8.jar
7f38fc018000-7f38fc01a000 r--s 00010000 08:07 4043556                    /home/chulu/.m2/repository/org/glassfish/jaxb/txw2/2.3.2/txw2-2.3.2.jar
7f38fc01a000-7f38fc02f000 r--s 000e3000 08:07 3654076                    /home/chulu/.m2/repository/org/glassfish/jaxb/jaxb-runtime/2.3.2/jaxb-runtime-2.3.2.jar
7f38fc02f000-7f38fc032000 r--s 00010000 08:07 4043553                    /home/chulu/.m2/repository/org/hibernate/common/hibernate-commons-annotations/5.1.0.Final/hibernate-commons-annotations-5.1.0.Final.jar
7f38fc032000-7f38fc037000 r--s 0004b000 08:07 4043554                    /home/chulu/.m2/repository/org/dom4j/dom4j/2.1.1/dom4j-2.1.1.jar
7f38fc037000-7f38fc039000 r--s 0000f000 08:07 4043550                    /home/chulu/.m2/repository/com/fasterxml/classmate/1.5.1/classmate-1.5.1.jar
7f38fc039000-7f38fc03c000 r--s 0002b000 08:07 4043549                    /home/chulu/.m2/repository/org/jboss/jandex/2.0.5.Final/jandex-2.0.5.Final.jar
7f38fc03c000-7f38fc041000 r--s 00068000 08:07 3911725                    /home/chulu/.m2/repository/antlr/antlr/2.7.7/antlr-2.7.7.jar
7f38fc041000-7f38fc04b000 r--s 000b4000 08:07 3911720                    /home/chulu/.m2/repository/org/javassist/javassist/3.24.0-GA/javassist-3.24.0-GA.jar
7f38fc04b000-7f38fc0d1000 r--s 0064e000 08:07 3911688                    /home/chulu/.m2/repository/org/hibernate/hibernate-core/5.4.8.Final/hibernate-core-5.4.8.Final.jar
7f38fc0d1000-7f38fcbdc000 rw-p 00000000 00:00 0 
7f38fcbdc000-7f38fcdb6000 r--s 03d6b000 08:06 300154                     /usr/lib/jvm/java-8-oracle/jre/lib/rt.jar
7f38fcdb6000-7f38ff5b8000 rw-p 00000000 00:00 0 
7f38ff5b8000-7f38ff5b9000 ---p 00000000 00:00 0 
7f38ff5b9000-7f38ff6b9000 rw-p 00000000 00:00 0 
7f38ff6b9000-7f38ff6ba000 ---p 00000000 00:00 0 
7f38ff6ba000-7f38ff7ba000 rw-p 00000000 00:00 0 
7f38ff7ba000-7f38ff7bb000 ---p 00000000 00:00 0 
7f38ff7bb000-7f38ff8bb000 rw-p 00000000 00:00 0 
7f38ff8bb000-7f38ff8bc000 ---p 00000000 00:00 0 
7f38ff8bc000-7f38ff9d4000 rw-p 00000000 00:00 0 
7f38ff9d4000-7f38ffafd000 ---p 00000000 00:00 0 
7f38ffafd000-7f38ffb5a000 rw-p 00000000 00:00 0 
7f38ffb5a000-7f38ffb9e000 ---p 00000000 00:00 0 
7f38ffb9e000-7f38ffbd1000 rw-p 00000000 00:00 0 
7f38ffbd1000-7f38fff5f000 ---p 00000000 00:00 0 
7f38fff5f000-7f3900bcf000 rwxp 00000000 00:00 0 
7f3900bcf000-7f390ef5f000 ---p 00000000 00:00 0 
7f390ef5f000-7f390ef7a000 r-xp 00000000 08:06 300365                     /usr/lib/jvm/java-8-oracle/jre/lib/amd64/libzip.so
7f390ef7a000-7f390f17a000 ---p 0001b000 08:06 300365                     /usr/lib/jvm/java-8-oracle/jre/lib/amd64/libzip.so
7f390f17a000-7f390f17b000 rw-p 0001b000 08:06 300365                     /usr/lib/jvm/java-8-oracle/jre/lib/amd64/libzip.so
7f390f17b000-7f390f186000 r-xp 00000000 08:06 398955                     /lib/x86_64-linux-gnu/libnss_files-2.27.so
7f390f186000-7f390f385000 ---p 0000b000 08:06 398955                     /lib/x86_64-linux-gnu/libnss_files-2.27.so
7f390f385000-7f390f386000 r--p 0000a000 08:06 398955                     /lib/x86_64-linux-gnu/libnss_files-2.27.so
7f390f386000-7f390f387000 rw-p 0000b000 08:06 398955                     /lib/x86_64-linux-gnu/libnss_files-2.27.so
7f390f387000-7f390f38d000 rw-p 00000000 00:00 0 
7f390f38d000-7f390f3a4000 r-xp 00000000 08:06 398949                     /lib/x86_64-linux-gnu/libnsl-2.27.so
7f390f3a4000-7f390f5a3000 ---p 00017000 08:06 398949                     /lib/x86_64-linux-gnu/libnsl-2.27.so
7f390f5a3000-7f390f5a4000 r--p 00016000 08:06 398949                     /lib/x86_64-linux-gnu/libnsl-2.27.so
7f390f5a4000-7f390f5a5000 rw-p 00017000 08:06 398949                     /lib/x86_64-linux-gnu/libnsl-2.27.so
7f390f5a5000-7f390f5a7000 rw-p 00000000 00:00 0 
7f390f5a7000-7f390f5b2000 r-xp 00000000 08:06 398966                     /lib/x86_64-linux-gnu/libnss_nis-2.27.so
7f390f5b2000-7f390f7b1000 ---p 0000b000 08:06 398966                     /lib/x86_64-linux-gnu/libnss_nis-2.27.so
7f390f7b1000-7f390f7b2000 r--p 0000a000 08:06 398966                     /lib/x86_64-linux-gnu/libnss_nis-2.27.so
7f390f7b2000-7f390f7b3000 rw-p 0000b000 08:06 398966                     /lib/x86_64-linux-gnu/libnss_nis-2.27.so
7f390f7b3000-7f390f7bb000 r-xp 00000000 08:06 398951                     /lib/x86_64-linux-gnu/libnss_compat-2.27.so
7f390f7bb000-7f390f9bb000 ---p 00008000 08:06 398951                     /lib/x86_64-linux-gnu/libnss_compat-2.27.so
7f390f9bb000-7f390f9bc000 r--p 00008000 08:06 398951                     /lib/x86_64-linux-gnu/libnss_compat-2.27.so
7f390f9bc000-7f390f9bd000 rw-p 00009000 08:06 398951                     /lib/x86_64-linux-gnu/libnss_compat-2.27.so
7f390f9bd000-7f390f9e8000 r-xp 00000000 08:06 300359                     /usr/lib/jvm/java-8-oracle/jre/lib/amd64/libjava.so
7f390f9e8000-7f390fbe7000 ---p 0002b000 08:06 300359                     /usr/lib/jvm/java-8-oracle/jre/lib/amd64/libjava.so
7f390fbe7000-7f390fbe9000 rw-p 0002a000 08:06 300359                     /usr/lib/jvm/java-8-oracle/jre/lib/amd64/libjava.so
7f390fbe9000-7f390fbf6000 r-xp 00000000 08:06 300364                     /usr/lib/jvm/java-8-oracle/jre/lib/amd64/libverify.so
7f390fbf6000-7f390fdf6000 ---p 0000d000 08:06 300364                     /usr/lib/jvm/java-8-oracle/jre/lib/amd64/libverify.so
7f390fdf6000-7f390fdf8000 rw-p 0000d000 08:06 300364                     /usr/lib/jvm/java-8-oracle/jre/lib/amd64/libverify.so
7f390fdf8000-7f390fdff000 r-xp 00000000 08:06 399006                     /lib/x86_64-linux-gnu/librt-2.27.so
7f390fdff000-7f390fffe000 ---p 00007000 08:06 399006                     /lib/x86_64-linux-gnu/librt-2.27.so
7f390fffe000-7f390ffff000 r--p 00006000 08:06 399006                     /lib/x86_64-linux-gnu/librt-2.27.so
7f390ffff000-7f3910000000 rw-p 00007000 08:06 399006                     /lib/x86_64-linux-gnu/librt-2.27.so
7f3910000000-7f39113d9000 rw-p 00000000 00:00 0 
7f39113d9000-7f3914000000 ---p 00000000 00:00 0 
7f3914000000-7f3914002000 r--s 0000d000 08:07 3911697                    /home/chulu/.m2/repository/org/jboss/logging/jboss-logging/3.4.1.Final/jboss-logging-3.4.1.Final.jar
7f3914002000-7f3914003000 r--s 00003000 08:07 3911690                    /home/chulu/.m2/repository/jakarta/transaction/jakarta.transaction-api/1.3.3/jakarta.transaction-api-1.3.3.jar
7f3914003000-7f3914009000 r--s 00023000 08:07 3911684                    /home/chulu/.m2/repository/jakarta/persistence/jakarta.persistence-api/2.2.3/jakarta.persistence-api-2.2.3.jar
7f3914009000-7f391400b000 r--s 00009000 08:07 3911683                    /home/chulu/.m2/repository/jakarta/activation/jakarta.activation-api/1.2.1/jakarta.activation-api-1.2.1.jar
7f391400b000-7f3914015000 r--s 0005a000 08:07 3781480                    /home/chulu/.m2/repository/org/springframework/spring-jdbc/5.2.1.RELEASE/spring-jdbc-5.2.1.RELEASE.jar
7f3914015000-7f3914018000 r--s 00023000 08:07 3781482                    /home/chulu/.m2/repository/com/zaxxer/HikariCP/3.4.1/HikariCP-3.4.1.jar
7f3914018000-7f3914019000 r--s 00000000 08:07 3654066                    /home/chulu/.m2/repository/org/springframework/boot/spring-boot-starter-jdbc/2.2.1.RELEASE/spring-boot-starter-jdbc-2.2.1.RELEASE.jar
7f3914019000-7f3914032000 r--s 001da000 08:07 3781495                    /home/chulu/.m2/repository/org/aspectj/aspectjweaver/1.9.4/aspectjweaver-1.9.4.jar
7f3914032000-7f3914033000 r--s 00000000 08:07 3781493                    /home/chulu/.m2/repository/org/springframework/boot/spring-boot-starter-aop/2.2.1.RELEASE/spring-boot-starter-aop-2.2.1.RELEASE.jar
7f3914033000-7f391409a000 rw-p 00000000 00:00 0 
7f391409a000-7f39141c4000 ---p 00000000 00:00 0 
7f39141c4000-7f3914361000 r-xp 00000000 08:06 398928                     /lib/x86_64-linux-gnu/libm-2.27.so
7f3914361000-7f3914560000 ---p 0019d000 08:06 398928                     /lib/x86_64-linux-gnu/libm-2.27.so
7f3914560000-7f3914561000 r--p 0019c000 08:06 398928                     /lib/x86_64-linux-gnu/libm-2.27.so
7f3914561000-7f3914562000 rw-p 0019d000 08:06 398928                     /lib/x86_64-linux-gnu/libm-2.27.so
7f3914562000-7f391523e000 r-xp 00000000 08:06 300385                     /usr/lib/jvm/java-8-oracle/jre/lib/amd64/server/libjvm.so
7f391523e000-7f391543e000 ---p 00cdc000 08:06 300385                     /usr/lib/jvm/java-8-oracle/jre/lib/amd64/server/libjvm.so
7f391543e000-7f3915518000 rw-p 00cdc000 08:06 300385                     /usr/lib/jvm/java-8-oracle/jre/lib/amd64/server/libjvm.so
7f3915518000-7f3915563000 rw-p 00000000 00:00 0 
7f3915563000-7f391574a000 r-xp 00000000 08:06 398865                     /lib/x86_64-linux-gnu/libc-2.27.so
7f391574a000-7f391594a000 ---p 001e7000 08:06 398865                     /lib/x86_64-linux-gnu/libc-2.27.so
7f391594a000-7f391594e000 r--p 001e7000 08:06 398865                     /lib/x86_64-linux-gnu/libc-2.27.so
7f391594e000-7f3915950000 rw-p 001eb000 08:06 398865                     /lib/x86_64-linux-gnu/libc-2.27.so
7f3915950000-7f3915954000 rw-p 00000000 00:00 0 
7f3915954000-7f3915957000 r-xp 00000000 08:06 398888                     /lib/x86_64-linux-gnu/libdl-2.27.so
7f3915957000-7f3915b56000 ---p 00003000 08:06 398888                     /lib/x86_64-linux-gnu/libdl-2.27.so
7f3915b56000-7f3915b57000 r--p 00002000 08:06 398888                     /lib/x86_64-linux-gnu/libdl-2.27.so
7f3915b57000-7f3915b58000 rw-p 00003000 08:06 398888                     /lib/x86_64-linux-gnu/libdl-2.27.so
7f3915b58000-7f3915b6e000 r-xp 00000000 08:06 300382                     /usr/lib/jvm/java-8-oracle/jre/lib/amd64/jli/libjli.so
7f3915b6e000-7f3915d6d000 ---p 00016000 08:06 300382                     /usr/lib/jvm/java-8-oracle/jre/lib/amd64/jli/libjli.so
7f3915d6d000-7f3915d6e000 rw-p 00015000 08:06 300382                     /usr/lib/jvm/java-8-oracle/jre/lib/amd64/jli/libjli.so
7f3915d6e000-7f3915d88000 r-xp 00000000 08:06 398998                     /lib/x86_64-linux-gnu/libpthread-2.27.so
7f3915d88000-7f3915f87000 ---p 0001a000 08:06 398998                     /lib/x86_64-linux-gnu/libpthread-2.27.so
7f3915f87000-7f3915f88000 r--p 00019000 08:06 398998                     /lib/x86_64-linux-gnu/libpthread-2.27.so
7f3915f88000-7f3915f89000 rw-p 0001a000 08:06 398998                     /lib/x86_64-linux-gnu/libpthread-2.27.so
7f3915f89000-7f3915f8d000 rw-p 00000000 00:00 0 
7f3915f8d000-7f3915fb4000 r-xp 00000000 08:06 398837                     /lib/x86_64-linux-gnu/ld-2.27.so
7f3915fb4000-7f3915fb9000 r--s 00029000 08:07 4566131                    /home/chulu/.m2/repository/org/apache/maven/surefire/surefire-api/2.22.2/surefire-api-2.22.2.jar
7f3915fb9000-7f3915fbd000 r--s 0003f000 08:07 4566134                    /home/chulu/.m2/repository/org/apache/maven/surefire/surefire-booter/2.22.2/surefire-booter-2.22.2.jar
7f3915fbd000-7f391608e000 rw-p 00000000 00:00 0 
7f391608e000-7f391608f000 ---p 00000000 00:00 0 
7f391608f000-7f3916092000 ---p 00000000 00:00 0 
7f3916092000-7f3916191000 rw-p 00000000 00:00 0 
7f3916191000-7f3916192000 r--s 00000000 08:07 3781491                    /home/chulu/.m2/repository/org/springframework/boot/spring-boot-starter-data-jpa/2.2.1.RELEASE/spring-boot-starter-data-jpa-2.2.1.RELEASE.jar
7f3916192000-7f3916194000 r--s 00002000 08:07 4566132                    /home/chulu/.m2/repository/org/apache/maven/surefire/surefire-logger-api/2.22.2/surefire-logger-api-2.22.2.jar
7f3916194000-7f3916195000 r--s 00002000 08:07 5343461                    /home/chulu/NetBeansProjects/PaEaseAPI/target/surefire/surefirebooter7536324216759015186.jar
7f3916195000-7f39161a8000 rw-p 00000000 00:00 0 
7f39161a8000-7f39161b0000 rw-s 00000000 08:06 564070                     /tmp/hsperfdata_chulu/20284
7f39161b0000-7f39161b1000 rw-p 00000000 00:00 0 
7f39161b1000-7f39161b2000 ---p 00000000 00:00 0 
7f39161b2000-7f39161b4000 rw-p 00000000 00:00 0 
7f39161b4000-7f39161b5000 r--p 00027000 08:06 398837                     /lib/x86_64-linux-gnu/ld-2.27.so
7f39161b5000-7f39161b6000 rw-p 00028000 08:06 398837                     /lib/x86_64-linux-gnu/ld-2.27.so
7f39161b6000-7f39161b7000 rw-p 00000000 00:00 0 
7ffda9d36000-7ffda9d57000 rw-p 00000000 00:00 0                          [stack]
7ffda9d80000-7ffda9d83000 r--p 00000000 00:00 0                          [vvar]
7ffda9d83000-7ffda9d85000 r-xp 00000000 00:00 0                          [vdso]
ffffffffff600000-ffffffffff601000 r-xp 00000000 00:00 0                  [vsyscall]

VM Arguments:
java_command: /home/chulu/NetBeansProjects/PaEaseAPI/target/surefire/surefirebooter7536324216759015186.jar /home/chulu/NetBeansProjects/PaEaseAPI/target/surefire 2019-11-24T22-08-45_309-jvmRun1 surefire913153413777301789tmp surefire_08942740077896128928tmp
java_class_path (initial): /home/chulu/NetBeansProjects/PaEaseAPI/target/surefire/surefirebooter7536324216759015186.jar
Launcher Type: SUN_STANDARD

Environment Variables:
JAVA_HOME=/usr/lib/jvm/java-8-oracle
PATH=/home/chulu/.local/bin:/usr/local/sbin:/usr/local/bin:/usr/sbin:/usr/bin:/sbin:/bin:/usr/games:/usr/local/games:/snap/bin:/usr/lib/jvm/java-8-oracle/bin:/usr/lib/jvm/java-8-oracle/db/bin:/usr/lib/jvm/java-8-oracle/jre/bin
USERNAME=chulu
LD_LIBRARY_PATH=/usr/lib/jvm/java-8-oracle/jre/lib/amd64:/usr/lib/jvm/java-8-oracle/jre/lib/i386:
SHELL=/bin/bash
DISPLAY=:0

Signal Handlers:
SIGSEGV: [libjvm.so+0xad2a40], sa_mask[0]=11111111011111111101111111111110, sa_flags=SA_RESTART|SA_SIGINFO
SIGBUS: [libjvm.so+0xad2a40], sa_mask[0]=11111111011111111101111111111110, sa_flags=SA_RESTART|SA_SIGINFO
SIGFPE: [libjvm.so+0x92a610], sa_mask[0]=11111111011111111101111111111110, sa_flags=SA_RESTART|SA_SIGINFO
SIGPIPE: [libjvm.so+0x92a610], sa_mask[0]=11111111011111111101111111111110, sa_flags=SA_RESTART|SA_SIGINFO
SIGXFSZ: [libjvm.so+0x92a610], sa_mask[0]=11111111011111111101111111111110, sa_flags=SA_RESTART|SA_SIGINFO
SIGILL: [libjvm.so+0x92a610], sa_mask[0]=11111111011111111101111111111110, sa_flags=SA_RESTART|SA_SIGINFO
SIGUSR1: SIG_DFL, sa_mask[0]=00000000000000000000000000000000, sa_flags=none
SIGUSR2: [libjvm.so+0x92be70], sa_mask[0]=00100000000000000000000000000000, sa_flags=SA_RESTART|SA_SIGINFO
SIGHUP: [libjvm.so+0x92d270], sa_mask[0]=11111111011111111101111111111110, sa_flags=SA_RESTART|SA_SIGINFO
SIGINT: SIG_IGN, sa_mask[0]=00000000000000000000000000000000, sa_flags=none
SIGTERM: [libjvm.so+0x92d270], sa_mask[0]=11111111011111111101111111111110, sa_flags=SA_RESTART|SA_SIGINFO
SIGQUIT: [libjvm.so+0x92d270], sa_mask[0]=11111111011111111101111111111110, sa_flags=SA_RESTART|SA_SIGINFO


---------------  S Y S T E M  ---------------

OS:DISTRIB_ID=Ubuntu
DISTRIB_RELEASE=18.04
DISTRIB_CODENAME=bionic
DISTRIB_DESCRIPTION="Ubuntu 18.04.3 LTS"

uname:Linux 4.15.0-70-generic #79-Ubuntu SMP Tue Nov 12 10:36:11 UTC 2019 x86_64
libc:glibc 2.27 NPTL 2.27 
rlimit: STACK 8192k, CORE 0k, NPROC 15228, NOFILE 1048576, AS infinity
load average:4.47 1.87 1.27

/proc/meminfo:
MemTotal:        3943252 kB
MemFree:          102940 kB
MemAvailable:      12920 kB
Buffers:             668 kB
Cached:           284248 kB
SwapCached:        11472 kB
Active:          2936596 kB
Inactive:         676948 kB
Active(anon):    2931820 kB
Inactive(anon):   667132 kB
Active(file):       4776 kB
Inactive(file):     9816 kB
Unevictable:          32 kB
Mlocked:              32 kB
SwapTotal:        494396 kB
SwapFree:              0 kB
Dirty:               288 kB
Writeback:            48 kB
AnonPages:       3317592 kB
Mapped:           218612 kB
Shmem:            270156 kB
Slab:              93492 kB
SReclaimable:      41704 kB
SUnreclaim:        51788 kB
KernelStack:       15760 kB
PageTables:        64496 kB
NFS_Unstable:          0 kB
Bounce:                0 kB
WritebackTmp:          0 kB
CommitLimit:     2466020 kB
Committed_AS:   10349920 kB
VmallocTotal:   34359738367 kB
VmallocUsed:           0 kB
VmallocChunk:          0 kB
HardwareCorrupted:     0 kB
AnonHugePages:         0 kB
ShmemHugePages:        0 kB
ShmemPmdMapped:        0 kB
CmaTotal:              0 kB
CmaFree:               0 kB
HugePages_Total:       0
HugePages_Free:        0
HugePages_Rsvd:        0
HugePages_Surp:        0
Hugepagesize:       2048 kB
DirectMap4k:      243460 kB
DirectMap2M:     3854336 kB


CPU:total 4 (initial active 4) (2 cores per cpu, 2 threads per core) family 6 model 58 stepping 9, cmov, cx8, fxsr, mmx, sse, sse2, sse3, ssse3, sse4.1, sse4.2, popcnt, avx, aes, clmul, erms, ht, tsc, tscinvbit, tscinv

/proc/cpuinfo:
processor	: 0
vendor_id	: GenuineIntel
cpu family	: 6
model		: 58
model name	: Intel(R) Core(TM) i5-3340M CPU @ 2.70GHz
stepping	: 9
microcode	: 0x21
cpu MHz		: 3020.508
cache size	: 3072 KB
physical id	: 0
siblings	: 4
core id		: 0
cpu cores	: 2
apicid		: 0
initial apicid	: 0
fpu		: yes
fpu_exception	: yes
cpuid level	: 13
wp		: yes
flags		: fpu vme de pse tsc msr pae mce cx8 apic sep mtrr pge mca cmov pat pse36 clflush dts acpi mmx fxsr sse sse2 ss ht tm pbe syscall nx rdtscp lm constant_tsc arch_perfmon pebs bts rep_good nopl xtopology nonstop_tsc cpuid aperfmperf pni pclmulqdq dtes64 monitor ds_cpl vmx smx est tm2 ssse3 cx16 xtpr pdcm pcid sse4_1 sse4_2 x2apic popcnt tsc_deadline_timer aes xsave avx f16c rdrand lahf_lm cpuid_fault epb pti ssbd ibrs ibpb stibp tpr_shadow vnmi flexpriority ept vpid fsgsbase smep erms xsaveopt dtherm ida arat pln pts md_clear flush_l1d
bugs		: cpu_meltdown spectre_v1 spectre_v2 spec_store_bypass l1tf mds swapgs itlb_multihit
bogomips	: 5382.41
clflush size	: 64
cache_alignment	: 64
address sizes	: 36 bits physical, 48 bits virtual
power management:

processor	: 1
vendor_id	: GenuineIntel
cpu family	: 6
model		: 58
model name	: Intel(R) Core(TM) i5-3340M CPU @ 2.70GHz
stepping	: 9
microcode	: 0x21
cpu MHz		: 3189.517
cache size	: 3072 KB
physical id	: 0
siblings	: 4
core id		: 1
cpu cores	: 2
apicid		: 2
initial apicid	: 2
fpu		: yes
fpu_exception	: yes
cpuid level	: 13
wp		: yes
flags		: fpu vme de pse tsc msr pae mce cx8 apic sep mtrr pge mca cmov pat pse36 clflush dts acpi mmx fxsr sse sse2 ss ht tm pbe syscall nx rdtscp lm constant_tsc arch_perfmon pebs bts rep_good nopl xtopology nonstop_tsc cpuid aperfmperf pni pclmulqdq dtes64 monitor ds_cpl vmx smx est tm2 ssse3 cx16 xtpr pdcm pcid sse4_1 sse4_2 x2apic popcnt tsc_deadline_timer aes xsave avx f16c rdrand lahf_lm cpuid_fault epb pti ssbd ibrs ibpb stibp tpr_shadow vnmi flexpriority ept vpid fsgsbase smep erms xsaveopt dtherm ida arat pln pts md_clear flush_l1d
bugs		: cpu_meltdown spectre_v1 spectre_v2 spec_store_bypass l1tf mds swapgs itlb_multihit
bogomips	: 5382.41
clflush size	: 64
cache_alignment	: 64
address sizes	: 36 bits physical, 48 bits virtual
power management:

processor	: 2
vendor_id	: GenuineIntel
cpu family	: 6
model		: 58
model name	: Intel(R) Core(TM) i5-3340M CPU @ 2.70GHz
stepping	: 9
microcode	: 0x21
cpu MHz		: 3189.609
cache size	: 3072 KB
physical id	: 0
siblings	: 4
core id		: 0
cpu cores	: 2
apicid		: 1
initial apicid	: 1
fpu		: yes
fpu_exception	: yes
cpuid level	: 13
wp		: yes
flags		: fpu vme de pse tsc msr pae mce cx8 apic sep mtrr pge mca cmov pat pse36 clflush dts acpi mmx fxsr sse sse2 ss ht tm pbe syscall nx rdtscp lm constant_tsc arch_perfmon pebs bts rep_good nopl xtopology nonstop_tsc cpuid aperfmperf pni pclmulqdq dtes64 monitor ds_cpl vmx smx est tm2 ssse3 cx16 xtpr pdcm pcid sse4_1 sse4_2 x2apic popcnt tsc_deadline_timer aes xsave avx f16c rdrand lahf_lm cpuid_fault epb pti ssbd ibrs ibpb stibp tpr_shadow vnmi flexpriority ept vpid fsgsbase smep erms xsaveopt dtherm ida arat pln pts md_clear flush_l1d
bugs		: cpu_meltdown spectre_v1 spectre_v2 spec_store_bypass l1tf mds swapgs itlb_multihit
bogomips	: 5382.41
clflush size	: 64
cache_alignment	: 64
address sizes	: 36 bits physical, 48 bits virtual
power management:

processor	: 3
vendor_id	: GenuineIntel
cpu family	: 6
model		: 58
model name	: Intel(R) Core(TM) i5-3340M CPU @ 2.70GHz
stepping	: 9
microcode	: 0x21
cpu MHz		: 3189.753
cache size	: 3072 KB
physical id	: 0
siblings	: 4
core id		: 1
cpu cores	: 2
apicid		: 3
initial apicid	: 3
fpu		: yes
fpu_exception	: yes
cpuid level	: 13
wp		: yes
flags		: fpu vme de pse tsc msr pae mce cx8 apic sep mtrr pge mca cmov pat pse36 clflush dts acpi mmx fxsr sse sse2 ss ht tm pbe syscall nx rdtscp lm constant_tsc arch_perfmon pebs bts rep_good nopl xtopology nonstop_tsc cpuid aperfmperf pni pclmulqdq dtes64 monitor ds_cpl vmx smx est tm2 ssse3 cx16 xtpr pdcm pcid sse4_1 sse4_2 x2apic popcnt tsc_deadline_timer aes xsave avx f16c rdrand lahf_lm cpuid_fault epb pti ssbd ibrs ibpb stibp tpr_shadow vnmi flexpriority ept vpid fsgsbase smep erms xsaveopt dtherm ida arat pln pts md_clear flush_l1d
bugs		: cpu_meltdown spectre_v1 spectre_v2 spec_store_bypass l1tf mds swapgs itlb_multihit
bogomips	: 5382.41
clflush size	: 64
cache_alignment	: 64
address sizes	: 36 bits physical, 48 bits virtual
power management:



Memory: 4k page, physical 3943252k(106620k free), swap 494396k(0k free)

vm_info: Java HotSpot(TM) 64-Bit Server VM (25.181-b13) for linux-amd64 JRE (1.8.0_181-b13), built on Jul  7 2018 00:56:38 by "java_re" with gcc 4.3.0 20080428 (Red Hat 4.3.0-8)

time: Sun Nov 24 22:08:58 2019
elapsed time: 13 seconds (0d 0h 0m 13s)

