#
# There is insufficient memory for the Java Runtime Environment to continue.
# Native memory allocation (mmap) failed to map 34603008 bytes for committing reserved memory.
# Possible reasons:
#   The system is out of physical RAM or swap space
#   In 32 bit mode, the process size limit was hit
# Possible solutions:
#   Reduce memory load on the system
#   Increase physical memory or swap space
#   Check if swap backing store is full
#   Use 64 bit Java on a 64 bit OS
#   Decrease Java heap size (-Xmx/-Xms)
#   Decrease number of Java threads
#   Decrease Java thread stack sizes (-Xss)
#   Set larger code cache with -XX:ReservedCodeCacheSize=
# This output file may be truncated or incomplete.
#
#  Out of Memory Error (os_linux.cpp:2640), pid=20662, tid=0x00007fe314594700
#
# JRE version: Java(TM) SE Runtime Environment (8.0_181-b13) (build 1.8.0_181-b13)
# Java VM: Java HotSpot(TM) 64-Bit Server VM (25.181-b13 mixed mode linux-amd64 compressed oops)
# Failed to write core dump. Core dumps have been disabled. To enable core dumping, try "ulimit -c unlimited" before starting Java again
#

---------------  T H R E A D  ---------------

Current thread (0x00007fe328140800):  VMThread [stack: 0x00007fe314495000,0x00007fe314595000] [id=20671]

Stack: [0x00007fe314495000,0x00007fe314595000],  sp=0x00007fe3145931a0,  free space=1016k
Native frames: (J=compiled Java code, j=interpreted, Vv=VM code, C=native code)
V  [libjvm.so+0xad21aa]  VMError::report_and_die()+0x2ba
V  [libjvm.so+0x5022db]  report_vm_out_of_memory(char const*, int, unsigned long, VMErrorType, char const*)+0x8b
V  [libjvm.so+0x92fe33]  os::Linux::commit_memory_impl(char*, unsigned long, bool)+0x123
V  [libjvm.so+0x930059]  os::pd_commit_memory(char*, unsigned long, unsigned long, bool)+0x29
V  [libjvm.so+0x9272ba]  os::commit_memory(char*, unsigned long, unsigned long, bool)+0x2a
V  [libjvm.so+0x99d2e3]  PSVirtualSpace::expand_by(unsigned long)+0x53
V  [libjvm.so+0x99e6e8]  PSYoungGen::resize_generation(unsigned long, unsigned long)+0xf8
V  [libjvm.so+0x99d842]  PSYoungGen::resize(unsigned long, unsigned long)+0x22
V  [libjvm.so+0x99ab1b]  PSScavenge::invoke_no_policy()+0xf3b
V  [libjvm.so+0x995dc5]  PSParallelCompact::invoke(bool)+0x85
V  [libjvm.so+0x488e34]  CollectedHeap::collect_as_vm_thread(GCCause::Cause)+0x114
V  [libjvm.so+0xad3631]  VM_CollectForMetadataAllocation::doit()+0x161
V  [libjvm.so+0xadb745]  VM_Operation::evaluate()+0x55
V  [libjvm.so+0xad9b0a]  VMThread::evaluate_operation(VM_Operation*)+0xba
V  [libjvm.so+0xad9e8e]  VMThread::loop()+0x1ce
V  [libjvm.so+0xada300]  VMThread::run()+0x70
V  [libjvm.so+0x930198]  java_start(Thread*)+0x108

VM_Operation (0x00007fe32ea348b0): CollectForMetadataAllocation, mode: safepoint, requested by thread 0x00007fe32800b000


---------------  P R O C E S S  ---------------

Java Threads: ( => current thread )
  0x00007fe2c81f8800 JavaThread "Log4j2-Log4j2Scheduled-1" daemon [_thread_blocked, id=20688, stack(0x00007fe30583d000,0x00007fe30593e000)]
  0x00007fe2d0065800 JavaThread "process reaper" daemon [_thread_blocked, id=20684, stack(0x00007fe306a82000,0x00007fe306abb000)]
  0x00007fe328282000 JavaThread "surefire-forkedjvm-ping-30s" daemon [_thread_blocked, id=20681, stack(0x00007fe306e22000,0x00007fe306f23000)]
  0x00007fe32826c000 JavaThread "surefire-forkedjvm-command-thread" daemon [_thread_in_native, id=20680, stack(0x00007fe30712c000,0x00007fe30722d000)]
  0x00007fe328190800 JavaThread "Service Thread" daemon [_thread_blocked, id=20678, stack(0x00007fe30732e000,0x00007fe30742f000)]
  0x00007fe328185800 JavaThread "C1 CompilerThread2" daemon [_thread_blocked, id=20677, stack(0x00007fe307430000,0x00007fe307530000)]
  0x00007fe328183800 JavaThread "C2 CompilerThread1" daemon [_thread_blocked, id=20676, stack(0x00007fe307531000,0x00007fe307631000)]
  0x00007fe328180800 JavaThread "C2 CompilerThread0" daemon [_thread_blocked, id=20675, stack(0x00007fe314091000,0x00007fe314191000)]
  0x00007fe32817f000 JavaThread "Signal Dispatcher" daemon [_thread_blocked, id=20674, stack(0x00007fe314191000,0x00007fe314292000)]
  0x00007fe32814c800 JavaThread "Finalizer" daemon [_thread_blocked, id=20673, stack(0x00007fe314292000,0x00007fe314393000)]
  0x00007fe32814a000 JavaThread "Reference Handler" daemon [_thread_blocked, id=20672, stack(0x00007fe314393000,0x00007fe314494000)]
  0x00007fe32800b000 JavaThread "main" [_thread_blocked, id=20666, stack(0x00007fe32e939000,0x00007fe32ea39000)]

Other Threads:
=>0x00007fe328140800 VMThread [stack: 0x00007fe314495000,0x00007fe314595000] [id=20671]
  0x00007fe328195800 WatcherThread [stack: 0x00007fe30722e000,0x00007fe30732e000] [id=20679]

VM state:at safepoint (normal execution)

VM Mutex/Monitor currently owned by a thread:  ([mutex/lock_event])
[0x00007fe3280078c0] Threads_lock - owner thread: 0x00007fe328140800
[0x00007fe328007dc0] Heap_lock - owner thread: 0x00007fe32800b000

Heap:
 PSYoungGen      total 132608K, used 8681K [0x00000000ebf00000, 0x00000000f5780000, 0x0000000100000000)
  eden space 123904K, 0% used [0x00000000ebf00000,0x00000000ebf00000,0x00000000f3800000)
  from space 8704K, 99% used [0x00000000f4f00000,0x00000000f577a420,0x00000000f5780000)
  to   space 6144K, 0% used [0x00000000f3800000,0x00000000f3800000,0x00000000f3e00000)
 ParOldGen       total 31232K, used 12030K [0x00000000c3c00000, 0x00000000c5a80000, 0x00000000ebf00000)
  object space 31232K, 38% used [0x00000000c3c00000,0x00000000c47bfae8,0x00000000c5a80000)
 Metaspace       used 33558K, capacity 35346K, committed 35456K, reserved 1079296K
  class space    used 4529K, capacity 4886K, committed 4992K, reserved 1048576K

Card table byte_map: [0x00007fe318415000,0x00007fe3185f8000] byte_map_base: 0x00007fe317df7000

Marking Bits: (ParMarkBitMap*) 0x00007fe32dde00a0
 Begin Bits: [0x00007fe3160af000, 0x00007fe316fbf000)
 End Bits:   [0x00007fe316fbf000, 0x00007fe317ecf000)

Polling page: 0x00007fe32ea5b000

CodeCache: size=245760Kb used=9109Kb max_used=9121Kb free=236650Kb
 bounds [0x00007fe3189b8000, 0x00007fe3192a8000, 0x00007fe3279b8000]
 total_blobs=3120 nmethods=2697 adapters=336
 compilation: enabled

Compilation events (10 events):
Event: 11.567 Thread 0x00007fe328185800 2721       1       java.lang.reflect.Constructor::getRoot (5 bytes)
Event: 11.568 Thread 0x00007fe328185800 nmethod 2721 0x00007fe31929ce50 code [0x00007fe31929cfa0, 0x00007fe31929d0b0]
Event: 11.568 Thread 0x00007fe328185800 2722       3       org.springframework.core.annotation.TypeMappedAnnotations::isPresent (39 bytes)
Event: 11.568 Thread 0x00007fe328185800 nmethod 2722 0x00007fe3192a0050 code [0x00007fe3192a0200, 0x00007fe3192a0908]
Event: 11.568 Thread 0x00007fe328185800 2723   !   3       com.sun.proxy.$Proxy57::annotationType (29 bytes)
Event: 11.569 Thread 0x00007fe328185800 nmethod 2723 0x00007fe31929f8d0 code [0x00007fe31929fa60, 0x00007fe31929fe78]
Event: 11.588 Thread 0x00007fe328185800 2724       3       org.springframework.util.ConcurrentReferenceHashMap$Segment::findInChain (66 bytes)
Event: 11.588 Thread 0x00007fe328185800 nmethod 2724 0x00007fe31929ef90 code [0x00007fe31929f140, 0x00007fe31929f6f8]
Event: 11.588 Thread 0x00007fe328183800 2725       4       java.util.jar.JarFile::maybeInstantiateVerifier (96 bytes)
Event: 11.595 Thread 0x00007fe328183800 nmethod 2725 0x00007fe31929e610 code [0x00007fe31929e7c0, 0x00007fe31929ec38]

GC Heap History (10 events):
Event: 1.756 GC heap after
Heap after GC invocations=6 (full 0):
 PSYoungGen      total 68608K, used 5255K [0x00000000ebf00000, 0x00000000f0900000, 0x0000000100000000)
  eden space 62976K, 0% used [0x00000000ebf00000,0x00000000ebf00000,0x00000000efc80000)
  from space 5632K, 93% used [0x00000000f0280000,0x00000000f07a1db8,0x00000000f0800000)
  to   space 6144K, 0% used [0x00000000efc80000,0x00000000efc80000,0x00000000f0280000)
 ParOldGen       total 42496K, used 6040K [0x00000000c3c00000, 0x00000000c6580000, 0x00000000ebf00000)
  object space 42496K, 14% used [0x00000000c3c00000,0x00000000c41e60c0,0x00000000c6580000)
 Metaspace       used 17962K, capacity 19090K, committed 19328K, reserved 1067008K
  class space    used 2384K, capacity 2620K, committed 2688K, reserved 1048576K
}
Event: 1.911 GC heap before
{Heap before GC invocations=7 (full 0):
 PSYoungGen      total 68608K, used 23399K [0x00000000ebf00000, 0x00000000f0900000, 0x0000000100000000)
  eden space 62976K, 28% used [0x00000000ebf00000,0x00000000ed0b81d0,0x00000000efc80000)
  from space 5632K, 93% used [0x00000000f0280000,0x00000000f07a1db8,0x00000000f0800000)
  to   space 6144K, 0% used [0x00000000efc80000,0x00000000efc80000,0x00000000f0280000)
 ParOldGen       total 42496K, used 6040K [0x00000000c3c00000, 0x00000000c6580000, 0x00000000ebf00000)
  object space 42496K, 14% used [0x00000000c3c00000,0x00000000c41e60c0,0x00000000c6580000)
 Metaspace       used 20056K, capacity 21196K, committed 21296K, reserved 1067008K
  class space    used 2636K, capacity 2867K, committed 2944K, reserved 1048576K
Event: 1.916 GC heap after
Heap after GC invocations=7 (full 0):
 PSYoungGen      total 69120K, used 3124K [0x00000000ebf00000, 0x00000000f4600000, 0x0000000100000000)
  eden space 62976K, 0% used [0x00000000ebf00000,0x00000000ebf00000,0x00000000efc80000)
  from space 6144K, 50% used [0x00000000efc80000,0x00000000eff8d098,0x00000000f0280000)
  to   space 6144K, 0% used [0x00000000f4000000,0x00000000f4000000,0x00000000f4600000)
 ParOldGen       total 42496K, used 7304K [0x00000000c3c00000, 0x00000000c6580000, 0x00000000ebf00000)
  object space 42496K, 17% used [0x00000000c3c00000,0x00000000c4322268,0x00000000c6580000)
 Metaspace       used 20056K, capacity 21196K, committed 21296K, reserved 1067008K
  class space    used 2636K, capacity 2867K, committed 2944K, reserved 1048576K
}
Event: 1.916 GC heap before
{Heap before GC invocations=8 (full 1):
 PSYoungGen      total 69120K, used 3124K [0x00000000ebf00000, 0x00000000f4600000, 0x0000000100000000)
  eden space 62976K, 0% used [0x00000000ebf00000,0x00000000ebf00000,0x00000000efc80000)
  from space 6144K, 50% used [0x00000000efc80000,0x00000000eff8d098,0x00000000f0280000)
  to   space 6144K, 0% used [0x00000000f4000000,0x00000000f4000000,0x00000000f4600000)
 ParOldGen       total 42496K, used 7304K [0x00000000c3c00000, 0x00000000c6580000, 0x00000000ebf00000)
  object space 42496K, 17% used [0x00000000c3c00000,0x00000000c4322268,0x00000000c6580000)
 Metaspace       used 20056K, capacity 21196K, committed 21296K, reserved 1067008K
  class space    used 2636K, capacity 2867K, committed 2944K, reserved 1048576K
Event: 1.943 GC heap after
Heap after GC invocations=8 (full 1):
 PSYoungGen      total 69120K, used 0K [0x00000000ebf00000, 0x00000000f4600000, 0x0000000100000000)
  eden space 62976K, 0% used [0x00000000ebf00000,0x00000000ebf00000,0x00000000efc80000)
  from space 6144K, 0% used [0x00000000efc80000,0x00000000efc80000,0x00000000f0280000)
  to   space 6144K, 0% used [0x00000000f4000000,0x00000000f4000000,0x00000000f4600000)
 ParOldGen       total 31232K, used 5461K [0x00000000c3c00000, 0x00000000c5a80000, 0x00000000ebf00000)
  object space 31232K, 17% used [0x00000000c3c00000,0x00000000c4155578,0x00000000c5a80000)
 Metaspace       used 20056K, capacity 21196K, committed 21296K, reserved 1067008K
  class space    used 2636K, capacity 2867K, committed 2944K, reserved 1048576K
}
Event: 2.243 GC heap before
{Heap before GC invocations=9 (full 1):
 PSYoungGen      total 69120K, used 62976K [0x00000000ebf00000, 0x00000000f4600000, 0x0000000100000000)
  eden space 62976K, 100% used [0x00000000ebf00000,0x00000000efc80000,0x00000000efc80000)
  from space 6144K, 0% used [0x00000000efc80000,0x00000000efc80000,0x00000000f0280000)
  to   space 6144K, 0% used [0x00000000f4000000,0x00000000f4000000,0x00000000f4600000)
 ParOldGen       total 31232K, used 5461K [0x00000000c3c00000, 0x00000000c5a80000, 0x00000000ebf00000)
  object space 31232K, 17% used [0x00000000c3c00000,0x00000000c4155578,0x00000000c5a80000)
 Metaspace       used 22815K, capacity 24106K, committed 24320K, reserved 1071104K
  class space    used 3025K, capacity 3282K, committed 3328K, reserved 1048576K
Event: 2.250 GC heap after
Heap after GC invocations=9 (full 1):
 PSYoungGen      total 104960K, used 3689K [0x00000000ebf00000, 0x00000000f4400000, 0x0000000100000000)
  eden space 100864K, 0% used [0x00000000ebf00000,0x00000000ebf00000,0x00000000f2180000)
  from space 4096K, 90% used [0x00000000f4000000,0x00000000f439a518,0x00000000f4400000)
  to   space 6144K, 0% used [0x00000000f3800000,0x00000000f3800000,0x00000000f3e00000)
 ParOldGen       total 31232K, used 5469K [0x00000000c3c00000, 0x00000000c5a80000, 0x00000000ebf00000)
  object space 31232K, 17% used [0x00000000c3c00000,0x00000000c4157578,0x00000000c5a80000)
 Metaspace       used 22815K, capacity 24106K, committed 24320K, reserved 1071104K
  class space    used 3025K, capacity 3282K, committed 3328K, reserved 1048576K
}
Event: 3.169 GC heap before
{Heap before GC invocations=10 (full 1):
 PSYoungGen      total 104960K, used 104553K [0x00000000ebf00000, 0x00000000f4400000, 0x0000000100000000)
  eden space 100864K, 100% used [0x00000000ebf00000,0x00000000f2180000,0x00000000f2180000)
  from space 4096K, 90% used [0x00000000f4000000,0x00000000f439a518,0x00000000f4400000)
  to   space 6144K, 0% used [0x00000000f3800000,0x00000000f3800000,0x00000000f3e00000)
 ParOldGen       total 31232K, used 5469K [0x00000000c3c00000, 0x00000000c5a80000, 0x00000000ebf00000)
  object space 31232K, 17% used [0x00000000c3c00000,0x00000000c4157578,0x00000000c5a80000)
 Metaspace       used 28827K, capacity 30280K, committed 30592K, reserved 1075200K
  class space    used 3840K, capacity 4131K, committed 4224K, reserved 1048576K
Event: 3.205 GC heap after
Heap after GC invocations=10 (full 1):
 PSYoungGen      total 130048K, used 6141K [0x00000000ebf00000, 0x00000000f5780000, 0x0000000100000000)
  eden space 123904K, 0% used [0x00000000ebf00000,0x00000000ebf00000,0x00000000f3800000)
  from space 6144K, 99% used [0x00000000f3800000,0x00000000f3dff400,0x00000000f3e00000)
  to   space 8704K, 0% used [0x00000000f4f00000,0x00000000f4f00000,0x00000000f5780000)
 ParOldGen       total 31232K, used 9938K [0x00000000c3c00000, 0x00000000c5a80000, 0x00000000ebf00000)
  object space 31232K, 31% used [0x00000000c3c00000,0x00000000c45b49d0,0x00000000c5a80000)
 Metaspace       used 28827K, capacity 30280K, committed 30592K, reserved 1075200K
  class space    used 3840K, capacity 4131K, committed 4224K, reserved 1048576K
}
Event: 11.621 GC heap before
{Heap before GC invocations=11 (full 1):
 PSYoungGen      total 130048K, used 71845K [0x00000000ebf00000, 0x00000000f5780000, 0x0000000100000000)
  eden space 123904K, 53% used [0x00000000ebf00000,0x00000000eff2a2a0,0x00000000f3800000)
  from space 6144K, 99% used [0x00000000f3800000,0x00000000f3dff400,0x00000000f3e00000)
  to   space 8704K, 0% used [0x00000000f4f00000,0x00000000f4f00000,0x00000000f5780000)
 ParOldGen       total 31232K, used 9938K [0x00000000c3c00000, 0x00000000c5a80000, 0x00000000ebf00000)
  object space 31232K, 31% used [0x00000000c3c00000,0x00000000c45b49d0,0x00000000c5a80000)
 Metaspace       used 33558K, capacity 35346K, committed 35456K, reserved 1079296K
  class space    used 4529K, capacity 4886K, committed 4992K, reserved 1048576K

Deoptimization events (10 events):
Event: 4.608 Thread 0x00007fe3289dc800 Uncommon trap: reason=unstable_if action=reinterpret pc=0x00007fe318c696e0 method=jdk.internal.org.objectweb.asm.Type.getArgumentsAndReturnSizes(Ljava/lang/String;)I @ 47
Event: 4.742 Thread 0x00007fe32800b000 Uncommon trap: reason=unstable_if action=reinterpret pc=0x00007fe31917ca64 method=org.springframework.beans.factory.support.AbstractBeanFactory.getMergedLocalBeanDefinition(Ljava/lang/String;)Lorg/springframework/beans/factory/support/RootBeanDefinition; 
Event: 4.829 Thread 0x00007fe32800b000 Uncommon trap: reason=class_check action=maybe_recompile pc=0x00007fe3190d8144 method=org.springframework.util.ConcurrentReferenceHashMap$Segment.findInChain(Lorg/springframework/util/ConcurrentReferenceHashMap$Reference;Ljava/lang/Object;I)Lorg/springfra
Event: 9.320 Thread 0x00007fe32800b000 Uncommon trap: reason=unstable_if action=reinterpret pc=0x00007fe318fc53cc method=java.lang.ThreadLocal$ThreadLocalMap.getEntry(Ljava/lang/ThreadLocal;)Ljava/lang/ThreadLocal$ThreadLocalMap$Entry; @ 29
Event: 11.111 Thread 0x00007fe32800b000 Uncommon trap: reason=unstable_if action=reinterpret pc=0x00007fe318f99dac method=java.lang.ThreadLocal$ThreadLocalMap.getEntry(Ljava/lang/ThreadLocal;)Ljava/lang/ThreadLocal$ThreadLocalMap$Entry; @ 29
Event: 11.334 Thread 0x00007fe32800b000 Uncommon trap: reason=unstable_if action=reinterpret pc=0x00007fe31921f3d0 method=org.springframework.beans.factory.support.AbstractAutowireCapableBeanFactory.predictBeanType(Ljava/lang/String;Lorg/springframework/beans/factory/support/RootBeanDefinition;
Event: 11.334 Thread 0x00007fe32800b000 Uncommon trap: reason=unstable_if action=reinterpret pc=0x00007fe3191d5b8c method=org.springframework.beans.factory.support.AbstractAutowireCapableBeanFactory.predictBeanType(Ljava/lang/String;Lorg/springframework/beans/factory/support/RootBeanDefinition;
Event: 11.400 Thread 0x00007fe32800b000 Uncommon trap: reason=unstable_if action=reinterpret pc=0x00007fe3190d8188 method=org.springframework.util.ConcurrentReferenceHashMap$Segment.findInChain(Lorg/springframework/util/ConcurrentReferenceHashMap$Reference;Ljava/lang/Object;I)Lorg/springframewo
Event: 11.430 Thread 0x00007fe32800b000 Uncommon trap: reason=unstable_if action=reinterpret pc=0x00007fe31909be4c method=org.springframework.util.ConcurrentReferenceHashMap$Segment.findInChain(Lorg/springframework/util/ConcurrentReferenceHashMap$Reference;Ljava/lang/Object;I)Lorg/springframewo
Event: 11.526 Thread 0x00007fe32800b000 Uncommon trap: reason=unstable_if action=reinterpret pc=0x00007fe3191b8abc method=org.springframework.util.ConcurrentReferenceHashMap$Segment.findInChain(Lorg/springframework/util/ConcurrentReferenceHashMap$Reference;Ljava/lang/Object;I)Lorg/springframewo

Classes redefined (0 events):
No events

Internal exceptions (10 events):
Event: 2.011 Thread 0x00007fe32800b000 Exception <a 'java/lang/ClassNotFoundException': org/springframework/beans/factory/AwareCustomizer> (0x00000000ec7fd040) thrown at [/HUDSON/workspace/8-2-build-linux-amd64/jdk8u181/11358/hotspot/src/share/vm/classfile/systemDictionary.cpp, line 210]
Event: 2.012 Thread 0x00007fe32800b000 Exception <a 'java/lang/ClassNotFoundException': org/springframework/beans/factory/BeanClassLoaderAwareCustomizer> (0x00000000ec81d090) thrown at [/HUDSON/workspace/8-2-build-linux-amd64/jdk8u181/11358/hotspot/src/share/vm/classfile/systemDictionary.cpp, 
Event: 2.012 Thread 0x00007fe32800b000 Exception <a 'java/lang/ClassNotFoundException': org/springframework/beans/factory/AwareCustomizer> (0x00000000ec838a88) thrown at [/HUDSON/workspace/8-2-build-linux-amd64/jdk8u181/11358/hotspot/src/share/vm/classfile/systemDictionary.cpp, line 210]
Event: 2.012 Thread 0x00007fe32800b000 Exception <a 'java/lang/ClassNotFoundException': org/springframework/context/EnvironmentAwareCustomizer> (0x00000000ec8551e8) thrown at [/HUDSON/workspace/8-2-build-linux-amd64/jdk8u181/11358/hotspot/src/share/vm/classfile/systemDictionary.cpp, line 210]
Event: 2.012 Thread 0x00007fe32800b000 Exception <a 'java/lang/ClassNotFoundException': org/springframework/beans/factory/AwareCustomizer> (0x00000000ec870ac0) thrown at [/HUDSON/workspace/8-2-build-linux-amd64/jdk8u181/11358/hotspot/src/share/vm/classfile/systemDictionary.cpp, line 210]
Event: 2.393 Thread 0x00007fe32800b000 Exception <a 'java/lang/IncompatibleClassChangeError': Found class java.lang.Object, but interface was expected> (0x00000000ecdba868) thrown at [/HUDSON/workspace/8-2-build-linux-amd64/jdk8u181/11358/hotspot/src/share/vm/interpreter/linkResolver.cpp, line
Event: 2.424 Thread 0x00007fe32800b000 Exception <a 'java/lang/NoSuchMethodError': java.lang.Object.lambda$getAllAnnotationAttributes$0(Lorg/springframework/util/MultiValueMap;)Lorg/springframework/util/MultiValueMap;> (0x00000000ed15d748) thrown at [/HUDSON/workspace/8-2-build-linux-amd64/jdk
Event: 2.426 Thread 0x00007fe32800b000 Exception <a 'java/lang/NoSuchMethodError': java.lang.Object.lambda$identity$2(Ljava/lang/Object;)Ljava/lang/Object;> (0x00000000ed1611c8) thrown at [/HUDSON/workspace/8-2-build-linux-amd64/jdk8u181/11358/hotspot/src/share/vm/interpreter/linkResolver.cpp,
Event: 4.617 Thread 0x00007fe3289dc800 Exception <a 'java/lang/IncompatibleClassChangeError': Found class java.lang.Object, but interface was expected> (0x00000000ed40e640) thrown at [/HUDSON/workspace/8-2-build-linux-amd64/jdk8u181/11358/hotspot/src/share/vm/interpreter/linkResolver.cpp, line
Event: 4.717 Thread 0x00007fe32800b000 Exception <a 'java/lang/NoSuchMethodError': java.lang.Object.lambda$getRequiredAttribute$0(Ljava/lang/String;)Ljava/lang/IllegalArgumentException;> (0x00000000ed7c03d0) thrown at [/HUDSON/workspace/8-2-build-linux-amd64/jdk8u181/11358/hotspot/src/share/vm

Events (10 events):
Event: 11.597 loading class org/springframework/context/support/DefaultMessageSourceResolvable done
Event: 11.598 loading class org/springframework/context/MessageSourceResolvable
Event: 11.598 loading class org/springframework/context/MessageSourceResolvable done
Event: 11.598 loading class org/springframework/validation/beanvalidation/SpringValidatorAdapter$ViolationObjectError
Event: 11.598 loading class org/springframework/validation/beanvalidation/SpringValidatorAdapter$ViolationObjectError done
Event: 11.600 loading class org/springframework/validation/beanvalidation/SpringValidatorAdapter$ViolationFieldError
Event: 11.600 loading class org/springframework/validation/beanvalidation/SpringValidatorAdapter$ViolationFieldError done
Event: 11.600 loading class org/springframework/validation/FieldError
Event: 11.600 loading class org/springframework/validation/FieldError done
Event: 11.609 Executing VM operation: CollectForMetadataAllocation


Dynamic libraries:
00400000-00401000 r-xp 00000000 08:06 300128                             /usr/lib/jvm/java-8-oracle/jre/bin/java
00600000-00601000 rw-p 00000000 08:06 300128                             /usr/lib/jvm/java-8-oracle/jre/bin/java
01cfc000-01d1d000 rw-p 00000000 00:00 0                                  [heap]
c3c00000-c5a80000 rw-p 00000000 00:00 0 
c5a80000-ebf00000 ---p 00000000 00:00 0 
ebf00000-f5780000 rw-p 00000000 00:00 0 
f7880000-100000000 ---p 00000000 00:00 0 
100000000-1004e0000 rw-p 00000000 00:00 0 
1004e0000-140000000 ---p 00000000 00:00 0 
7fe2c0000000-7fe2c0021000 rw-p 00000000 00:00 0 
7fe2c0021000-7fe2c4000000 ---p 00000000 00:00 0 
7fe2c4000000-7fe2c4029000 rw-p 00000000 00:00 0 
7fe2c4029000-7fe2c8000000 ---p 00000000 00:00 0 
7fe2c8000000-7fe2c871d000 rw-p 00000000 00:00 0 
7fe2c871d000-7fe2cc000000 ---p 00000000 00:00 0 
7fe2ccfff000-7fe2d0000000 rw-p 00000000 00:00 0 
7fe2d0000000-7fe2d0092000 rw-p 00000000 00:00 0 
7fe2d0092000-7fe2d4000000 ---p 00000000 00:00 0 
7fe2d4000000-7fe2d4021000 rw-p 00000000 00:00 0 
7fe2d4021000-7fe2d8000000 ---p 00000000 00:00 0 
7fe2d8000000-7fe2d8021000 rw-p 00000000 00:00 0 
7fe2d8021000-7fe2dc000000 ---p 00000000 00:00 0 
7fe2dc000000-7fe2dc021000 rw-p 00000000 00:00 0 
7fe2dc021000-7fe2e0000000 ---p 00000000 00:00 0 
7fe2e0000000-7fe2e0ac5000 rw-p 00000000 00:00 0 
7fe2e0ac5000-7fe2e4000000 ---p 00000000 00:00 0 
7fe2e4000000-7fe2e4021000 rw-p 00000000 00:00 0 
7fe2e4021000-7fe2e8000000 ---p 00000000 00:00 0 
7fe2e8000000-7fe2e956c000 rw-p 00000000 00:00 0 
7fe2e956c000-7fe2ec000000 ---p 00000000 00:00 0 
7fe2ec000000-7fe2ed836000 rw-p 00000000 00:00 0 
7fe2ed836000-7fe2f0000000 ---p 00000000 00:00 0 
7fe2f0000000-7fe2f0021000 rw-p 00000000 00:00 0 
7fe2f0021000-7fe2f4000000 ---p 00000000 00:00 0 
7fe2f4000000-7fe2f4021000 rw-p 00000000 00:00 0 
7fe2f4021000-7fe2f8000000 ---p 00000000 00:00 0 
7fe2f8000000-7fe2f8292000 rw-p 00000000 00:00 0 
7fe2f8292000-7fe2fc000000 ---p 00000000 00:00 0 
7fe2fc000000-7fe2fc021000 rw-p 00000000 00:00 0 
7fe2fc021000-7fe300000000 ---p 00000000 00:00 0 
7fe300000000-7fe300021000 rw-p 00000000 00:00 0 
7fe300021000-7fe304000000 ---p 00000000 00:00 0 
7fe304ca7000-7fe304e67000 rw-p 00000000 00:00 0 
7fe304e67000-7fe304ea7000 ---p 00000000 00:00 0 
7fe304ea7000-7fe3050a7000 rw-p 00000000 00:00 0 
7fe3050a7000-7fe3052a7000 rw-p 00000000 00:00 0 
7fe3052a7000-7fe3054a7000 rw-p 00000000 00:00 0 
7fe3054a7000-7fe30553c000 r--s 0110e000 08:06 300257                     /usr/lib/jvm/java-8-oracle/jre/lib/ext/jfxrt.jar
7fe30553c000-7fe30553f000 ---p 00000000 00:00 0 
7fe30553f000-7fe30583d000 rw-p 00000000 00:00 0 
7fe30583d000-7fe305840000 ---p 00000000 00:00 0 
7fe305840000-7fe305b3e000 rw-p 00000000 00:00 0 
7fe305b3e000-7fe305d3e000 rw-p 00000000 00:00 0 
7fe305d3e000-7fe305f3e000 rw-p 00000000 00:00 0 
7fe305f3e000-7fe305f41000 ---p 00000000 00:00 0 
7fe305f41000-7fe30623f000 rw-p 00000000 00:00 0 
7fe30623f000-7fe306255000 r-xp 00000000 08:06 300369                     /usr/lib/jvm/java-8-oracle/jre/lib/amd64/libnet.so
7fe306255000-7fe306455000 ---p 00016000 08:06 300369                     /usr/lib/jvm/java-8-oracle/jre/lib/amd64/libnet.so
7fe306455000-7fe306456000 rw-p 00016000 08:06 300369                     /usr/lib/jvm/java-8-oracle/jre/lib/amd64/libnet.so
7fe306456000-7fe306467000 r-xp 00000000 08:06 300372                     /usr/lib/jvm/java-8-oracle/jre/lib/amd64/libnio.so
7fe306467000-7fe306666000 ---p 00011000 08:06 300372                     /usr/lib/jvm/java-8-oracle/jre/lib/amd64/libnio.so
7fe306666000-7fe306667000 rw-p 00010000 08:06 300372                     /usr/lib/jvm/java-8-oracle/jre/lib/amd64/libnio.so
7fe306667000-7fe306867000 rw-p 00000000 00:00 0 
7fe306867000-7fe306a67000 rw-p 00000000 00:00 0 
7fe306a67000-7fe306a82000 r--s 001d4000 08:06 300259                     /usr/lib/jvm/java-8-oracle/jre/lib/ext/nashorn.jar
7fe306a82000-7fe306a85000 ---p 00000000 00:00 0 
7fe306a85000-7fe306abb000 rw-p 00000000 00:00 0 
7fe306abb000-7fe306abe000 r--s 00015000 08:07 4696025                    /home/chulu/.m2/repository/org/junit/platform/junit-platform-launcher/1.3.1/junit-platform-launcher-1.3.1.jar
7fe306abe000-7fe306ac1000 r--s 0000e000 08:07 4696026                    /home/chulu/.m2/repository/org/apache/maven/surefire/surefire-junit-platform/2.22.2/surefire-junit-platform-2.22.2.jar
7fe306ac1000-7fe306ad9000 r--s 000f7000 08:07 3654237                    /home/chulu/.m2/repository/org/apache/logging/log4j/log4j-core/2.5/log4j-core-2.5.jar
7fe306ad9000-7fe306adc000 r--s 00021000 08:07 3000085                    /home/chulu/.m2/repository/org/apache/logging/log4j/log4j-api/2.5/log4j-api-2.5.jar
7fe306adc000-7fe306ae8000 r--s 00061000 08:07 2999960                    /home/chulu/.m2/repository/org/springframework/security/spring-security-core/5.2.1.RELEASE/spring-security-core-5.2.1.RELEASE.jar
7fe306ae8000-7fe306aeb000 r--s 00010000 08:07 2999963                    /home/chulu/.m2/repository/org/springframework/security/spring-security-test/5.2.1.RELEASE/spring-security-test-5.2.1.RELEASE.jar
7fe306aeb000-7fe306af0000 r--s 00025000 08:07 4566023                    /home/chulu/.m2/repository/org/xmlunit/xmlunit-core/2.6.3/xmlunit-core-2.6.3.jar
7fe306af0000-7fe306aff000 r--s 00096000 08:07 4566022                    /home/chulu/.m2/repository/org/springframework/spring-test/5.2.1.RELEASE/spring-test-5.2.1.RELEASE.jar
7fe306aff000-7fe306b00000 r--s 00005000 08:07 3654101                    /home/chulu/.m2/repository/org/springframework/spring-jcl/5.2.1.RELEASE/spring-jcl-5.2.1.RELEASE.jar
7fe306b00000-7fe306b1b000 r--s 00143000 08:07 3654099                    /home/chulu/.m2/repository/org/springframework/spring-core/5.2.1.RELEASE/spring-core-5.2.1.RELEASE.jar
7fe306b1b000-7fe306b1c000 r--s 00004000 08:07 2997607                    /home/chulu/.m2/repository/com/vaadin/external/google/android-json/0.0.20131108.vaadin1/android-json-0.0.20131108.vaadin1.jar
7fe306b1c000-7fe306b1e000 r--s 00006000 08:07 2997604                    /home/chulu/.m2/repository/org/skyscreamer/jsonassert/1.5.0/jsonassert-1.5.0.jar
7fe306b1e000-7fe306b20000 r--s 0000c000 08:07 2997600                    /home/chulu/.m2/repository/org/objenesis/objenesis/2.6/objenesis-2.6.jar
7fe306b20000-7fe306b24000 r--s 0003c000 08:07 3781500                    /home/chulu/.m2/repository/net/bytebuddy/byte-buddy-agent/1.10.2/byte-buddy-agent-1.10.2.jar
7fe306b24000-7fe306b35000 r--s 00080000 08:07 3654098                    /home/chulu/.m2/repository/org/mockito/mockito-core/3.1.0/mockito-core-3.1.0.jar
7fe306b35000-7fe306b39000 r--s 0001b000 08:07 4566019                    /home/chulu/.m2/repository/org/hamcrest/hamcrest/2.1/hamcrest-2.1.jar
7fe306b39000-7fe306b9e000 r--s 003e1000 08:07 3911731                    /home/chulu/.m2/repository/org/assertj/assertj-core/3.13.2/assertj-core-3.13.2.jar
7fe306b9e000-7fe306b9f000 r--s 00001000 08:07 3524210                    /home/chulu/.m2/repository/org/mockito/mockito-junit-jupiter/3.1.0/mockito-junit-jupiter-3.1.0.jar
7fe306b9f000-7fe306ba4000 r--s 00024000 08:07 4566017                    /home/chulu/.m2/repository/org/junit/platform/junit-platform-engine/1.5.2/junit-platform-engine-1.5.2.jar
7fe306ba4000-7fe306ba9000 r--s 00031000 08:07 4566016                    /home/chulu/.m2/repository/org/junit/jupiter/junit-jupiter-engine/5.5.2/junit-jupiter-engine-5.5.2.jar
7fe306ba9000-7fe306bb6000 r--s 0007a000 08:07 4435756                    /home/chulu/.m2/repository/org/junit/jupiter/junit-jupiter-params/5.5.2/junit-jupiter-params-5.5.2.jar
7fe306bb6000-7fe306bb8000 r--s 00015000 08:07 4435752                    /home/chulu/.m2/repository/org/junit/platform/junit-platform-commons/1.5.2/junit-platform-commons-1.5.2.jar
7fe306bb8000-7fe306bb9000 r--s 00001000 08:07 4435753                    /home/chulu/.m2/repository/org/opentest4j/opentest4j/1.2.0/opentest4j-1.2.0.jar
7fe306bb9000-7fe306bba000 r--s 00000000 08:07 4435754                    /home/chulu/.m2/repository/org/apiguardian/apiguardian-api/1.1.0/apiguardian-api-1.1.0.jar
7fe306bba000-7fe306bbe000 r--s 0001f000 08:07 4435747                    /home/chulu/.m2/repository/org/junit/jupiter/junit-jupiter-api/5.5.2/junit-jupiter-api-5.5.2.jar
7fe306bbe000-7fe306bbf000 r--s 00001000 08:07 4435746                    /home/chulu/.m2/repository/org/junit/jupiter/junit-jupiter/5.5.2/junit-jupiter-5.5.2.jar
7fe306bbf000-7fe306bc3000 r--s 00019000 08:07 4043559                    /home/chulu/.m2/repository/jakarta/xml/bind/jakarta.xml.bind-api/2.3.2/jakarta.xml.bind-api-2.3.2.jar
7fe306bc3000-7fe306bc5000 r--s 0000c000 08:07 2997586                    /home/chulu/.m2/repository/org/ow2/asm/asm/5.0.4/asm-5.0.4.jar
7fe306bc5000-7fe306bc7000 r--s 00006000 08:07 2997583                    /home/chulu/.m2/repository/net/minidev/accessors-smart/1.2/accessors-smart-1.2.jar
7fe306bc7000-7fe306bca000 r--s 0001b000 08:07 2997579                    /home/chulu/.m2/repository/net/minidev/json-smart/2.3/json-smart-2.3.jar
7fe306bca000-7fe306bd0000 r--s 00031000 08:07 2997578                    /home/chulu/.m2/repository/com/jayway/jsonpath/json-path/2.4.0/json-path-2.4.0.jar
7fe306bd0000-7fe306bd6000 r--s 00021000 08:07 4435743                    /home/chulu/.m2/repository/org/springframework/boot/spring-boot-test-autoconfigure/2.2.1.RELEASE/spring-boot-test-autoconfigure-2.2.1.RELEASE.jar
7fe306bd6000-7fe306bdc000 r--s 0002e000 08:07 4435741                    /home/chulu/.m2/repository/org/springframework/boot/spring-boot-test/2.2.1.RELEASE/spring-boot-test-2.2.1.RELEASE.jar
7fe306bdc000-7fe306bdd000 r--s 00000000 08:07 4435740                    /home/chulu/.m2/repository/org/springframework/boot/spring-boot-starter-test/2.2.1.RELEASE/spring-boot-starter-test-2.2.1.RELEASE.jar
7fe306bdd000-7fe306bf6000 r--s 00220000 08:07 2999896                    /home/chulu/.m2/repository/mysql/mysql-connector-java/8.0.18/mysql-connector-java-8.0.18.jar
7fe306bf6000-7fe306c08000 r--s 000d5000 08:07 4435737                    /home/chulu/.m2/repository/org/springframework/spring-webmvc/5.2.1.RELEASE/spring-webmvc-5.2.1.RELEASE.jar
7fe306c08000-7fe306c25000 r--s 0013d000 08:07 3654096                    /home/chulu/.m2/repository/org/springframework/spring-web/5.2.1.RELEASE/spring-web-5.2.1.RELEASE.jar
7fe306c25000-7fe306c42000 r--s 000fe000 08:07 4435736                    /home/chulu/.m2/repository/org/hibernate/validator/hibernate-validator/6.0.18.Final/hibernate-validator-6.0.18.Final.jar
7fe306c42000-7fe306c47000 r--s 00012000 08:07 4435734                    /home/chulu/.m2/repository/jakarta/validation/jakarta.validation-api/2.0.1/jakarta.validation-api-2.0.1.jar
7fe306c47000-7fe306c48000 r--s 00000000 08:07 4305008                    /home/chulu/.m2/repository/org/springframework/boot/spring-boot-starter-validation/2.2.1.RELEASE/spring-boot-starter-validation-2.2.1.RELEASE.jar
7fe306c48000-7fe306c4d000 r--s 0003c000 08:07 4305007                    /home/chulu/.m2/repository/org/apache/tomcat/embed/tomcat-embed-websocket/9.0.27/tomcat-embed-websocket-9.0.27.jar
7fe306c4d000-7fe306c52000 r--s 0003a000 08:07 4305006                    /home/chulu/.m2/repository/org/apache/tomcat/embed/tomcat-embed-el/9.0.27/tomcat-embed-el-9.0.27.jar
7fe306c52000-7fe306c7d000 r--s 0030b000 08:07 4305005                    /home/chulu/.m2/repository/org/apache/tomcat/embed/tomcat-embed-core/9.0.27/tomcat-embed-core-9.0.27.jar
7fe306c7d000-7fe306c7e000 r--s 00000000 08:07 4304999                    /home/chulu/.m2/repository/org/springframework/boot/spring-boot-starter-tomcat/2.2.1.RELEASE/spring-boot-starter-tomcat-2.2.1.RELEASE.jar
7fe306c7e000-7fe306c80000 r--s 00001000 08:07 4305001                    /home/chulu/.m2/repository/com/fasterxml/jackson/module/jackson-module-parameter-names/2.10.0/jackson-module-parameter-names-2.10.0.jar
7fe306c80000-7fe306c83000 r--s 00017000 08:07 4304997                    /home/chulu/.m2/repository/com/fasterxml/jackson/datatype/jackson-datatype-jsr310/2.10.0/jackson-datatype-jsr310-2.10.0.jar
7fe306c83000-7fe306c85000 r--s 00007000 08:07 4304996                    /home/chulu/.m2/repository/com/fasterxml/jackson/datatype/jackson-datatype-jdk8/2.10.0/jackson-datatype-jdk8-2.10.0.jar
7fe306c85000-7fe306c8a000 r--s 00051000 08:07 4304995                    /home/chulu/.m2/repository/com/fasterxml/jackson/core/jackson-core/2.10.0/jackson-core-2.10.0.jar
7fe306c8a000-7fe306c8d000 r--s 0000e000 08:07 4174597                    /home/chulu/.m2/repository/com/fasterxml/jackson/core/jackson-annotations/2.10.0/jackson-annotations-2.10.0.jar
7fe306c8d000-7fe306ca3000 r--s 00141000 08:07 3781498                    /home/chulu/.m2/repository/com/fasterxml/jackson/core/jackson-databind/2.10.0/jackson-databind-2.10.0.jar
7fe306ca3000-7fe306ca4000 r--s 00000000 08:07 3524206                    /home/chulu/.m2/repository/org/springframework/boot/spring-boot-starter-json/2.2.1.RELEASE/spring-boot-starter-json-2.2.1.RELEASE.jar
7fe306ca4000-7fe306ca5000 r--s 00000000 08:07 3130150                    /home/chulu/.m2/repository/org/springframework/boot/spring-boot-starter-web/2.2.1.RELEASE/spring-boot-starter-web-2.2.1.RELEASE.jar
7fe306ca5000-7fe306caa000 r--s 00040000 08:07 3524208                    /home/chulu/.m2/repository/org/springframework/spring-expression/5.2.1.RELEASE/spring-expression-5.2.1.RELEASE.jar
7fe306caa000-7fe306cb9000 r--s 0007c000 08:07 2999962                    /home/chulu/.m2/repository/org/springframework/security/spring-security-web/5.2.1.RELEASE/spring-security-web-5.2.1.RELEASE.jar
7fe306cb9000-7fe306cc7000 r--s 000c4000 08:07 2999961                    /home/chulu/.m2/repository/org/springframework/security/spring-security-config/5.2.1.RELEASE/spring-security-config-5.2.1.RELEASE.jar
7fe306cc7000-7fe306cd0000 r--s 00052000 08:07 3654073                    /home/chulu/.m2/repository/org/springframework/spring-aop/5.2.1.RELEASE/spring-aop-5.2.1.RELEASE.jar
7fe306cd0000-7fe306cd7000 r--s 00044000 08:07 3654090                    /home/chulu/.m2/repository/org/yaml/snakeyaml/1.25/snakeyaml-1.25.jar
7fe306cd7000-7fe306cd9000 r--s 00005000 08:07 3654089                    /home/chulu/.m2/repository/jakarta/annotation/jakarta.annotation-api/1.3.5/jakarta.annotation-api-1.3.5.jar
7fe306cd9000-7fe306cdb000 r--s 00000000 08:07 3654088                    /home/chulu/.m2/repository/org/slf4j/jul-to-slf4j/1.7.29/jul-to-slf4j-1.7.29.jar
7fe306cdb000-7fe306cdd000 r--s 00003000 08:07 3654083                    /home/chulu/.m2/repository/org/apache/logging/log4j/log4j-to-slf4j/2.12.1/log4j-to-slf4j-2.12.1.jar
7fe306cdd000-7fe306ce8000 r--s 00069000 08:07 2997555                    /home/chulu/.m2/repository/ch/qos/logback/logback-core/1.2.3/logback-core-1.2.3.jar
7fe306ce8000-7fe306cee000 r--s 00041000 08:07 2997554                    /home/chulu/.m2/repository/ch/qos/logback/logback-classic/1.2.3/logback-classic-1.2.3.jar
7fe306cee000-7fe306cef000 r--s 00000000 08:07 3654082                    /home/chulu/.m2/repository/org/springframework/boot/spring-boot-starter-logging/2.2.1.RELEASE/spring-boot-starter-logging-2.2.1.RELEASE.jar
7fe306cef000-7fe306d16000 r--s 0012c000 08:07 3654080                    /home/chulu/.m2/repository/org/springframework/boot/spring-boot-autoconfigure/2.2.1.RELEASE/spring-boot-autoconfigure-2.2.1.RELEASE.jar
7fe306d16000-7fe306d2d000 r--s 000e7000 08:07 3654078                    /home/chulu/.m2/repository/org/springframework/boot/spring-boot/2.2.1.RELEASE/spring-boot-2.2.1.RELEASE.jar
7fe306d2d000-7fe306d2e000 r--s 00000000 08:07 3654077                    /home/chulu/.m2/repository/org/springframework/boot/spring-boot-starter/2.2.1.RELEASE/spring-boot-starter-2.2.1.RELEASE.jar
7fe306d2e000-7fe306d30000 r--s 0000a000 08:07 4174592                    /home/chulu/.m2/repository/org/springframework/spring-aspects/5.2.1.RELEASE/spring-aspects-5.2.1.RELEASE.jar
7fe306d30000-7fe306d3d000 r--s 0009b000 08:07 3130148                    /home/chulu/.m2/repository/org/springframework/spring-beans/5.2.1.RELEASE/spring-beans-5.2.1.RELEASE.jar
7fe306d3d000-7fe306d46000 r--s 00044000 08:07 3781488                    /home/chulu/.m2/repository/org/springframework/spring-tx/5.2.1.RELEASE/spring-tx-5.2.1.RELEASE.jar
7fe306d46000-7fe306d61000 r--s 0010e000 08:07 3654070                    /home/chulu/.m2/repository/org/springframework/spring-context/5.2.1.RELEASE/spring-context-5.2.1.RELEASE.jar
7fe306d61000-7fe306d66000 r--s 0002d000 08:07 4174589                    /home/chulu/.m2/repository/org/springframework/spring-orm/5.2.1.RELEASE/spring-orm-5.2.1.RELEASE.jar
7fe306d66000-7fe306d7f000 r--s 0010f000 08:07 3781484                    /home/chulu/.m2/repository/org/springframework/data/spring-data-commons/2.2.1.RELEASE/spring-data-commons-2.2.1.RELEASE.jar
7fe306d7f000-7fe306d87000 r--s 00052000 08:07 4174588                    /home/chulu/.m2/repository/org/springframework/data/spring-data-jpa/2.2.1.RELEASE/spring-data-jpa-2.2.1.RELEASE.jar
7fe306d87000-7fe306d9c000 r--s 000e3000 08:07 3654076                    /home/chulu/.m2/repository/org/glassfish/jaxb/jaxb-runtime/2.3.2/jaxb-runtime-2.3.2.jar
7fe306d9c000-7fe306e22000 r--s 0064e000 08:07 3911688                    /home/chulu/.m2/repository/org/hibernate/hibernate-core/5.4.8.Final/hibernate-core-5.4.8.Final.jar
7fe306e22000-7fe306e25000 ---p 00000000 00:00 0 
7fe306e25000-7fe306f23000 rw-p 00000000 00:00 0 
7fe306f23000-7fe306f2c000 r-xp 00000000 08:06 300377                     /usr/lib/jvm/java-8-oracle/jre/lib/amd64/libmanagement.so
7fe306f2c000-7fe30712b000 ---p 00009000 08:06 300377                     /usr/lib/jvm/java-8-oracle/jre/lib/amd64/libmanagement.so
7fe30712b000-7fe30712c000 rw-p 00008000 08:06 300377                     /usr/lib/jvm/java-8-oracle/jre/lib/amd64/libmanagement.so
7fe30712c000-7fe30712f000 ---p 00000000 00:00 0 
7fe30712f000-7fe30722d000 rw-p 00000000 00:00 0 
7fe30722d000-7fe30722e000 ---p 00000000 00:00 0 
7fe30722e000-7fe30732e000 rw-p 00000000 00:00 0 
7fe30732e000-7fe307331000 ---p 00000000 00:00 0 
7fe307331000-7fe30742f000 rw-p 00000000 00:00 0 
7fe30742f000-7fe307430000 ---p 00000000 00:00 0 
7fe307430000-7fe307433000 ---p 00000000 00:00 0 
7fe307433000-7fe307530000 rw-p 00000000 00:00 0 
7fe307530000-7fe307531000 ---p 00000000 00:00 0 
7fe307531000-7fe307534000 ---p 00000000 00:00 0 
7fe307534000-7fe307631000 rw-p 00000000 00:00 0 
7fe307631000-7fe308000000 r--p 00000000 08:06 271318                     /usr/lib/locale/locale-archive
7fe308000000-7fe308021000 rw-p 00000000 00:00 0 
7fe308021000-7fe30c000000 ---p 00000000 00:00 0 
7fe30c000000-7fe30c021000 rw-p 00000000 00:00 0 
7fe30c021000-7fe310000000 ---p 00000000 00:00 0 
7fe310000000-7fe310021000 rw-p 00000000 00:00 0 
7fe310021000-7fe314000000 ---p 00000000 00:00 0 
7fe314000000-7fe314002000 r--s 00009000 08:07 3654071                    /home/chulu/.m2/repository/org/slf4j/slf4j-api/1.7.29/slf4j-api-1.7.29.jar
7fe314002000-7fe314007000 r--s 00049000 08:07 4174587                    /home/chulu/.m2/repository/com/sun/xml/fastinfoset/FastInfoset/1.2.16/FastInfoset-1.2.16.jar
7fe314007000-7fe314009000 r--s 00008000 08:07 4174584                    /home/chulu/.m2/repository/org/jvnet/staxex/stax-ex/1.8.1/stax-ex-1.8.1.jar
7fe314009000-7fe31400b000 r--s 00005000 08:07 4174583                    /home/chulu/.m2/repository/com/sun/istack/istack-commons-runtime/3.0.8/istack-commons-runtime-3.0.8.jar
7fe31400b000-7fe31400d000 r--s 00010000 08:07 4043556                    /home/chulu/.m2/repository/org/glassfish/jaxb/txw2/2.3.2/txw2-2.3.2.jar
7fe31400d000-7fe314010000 r--s 00010000 08:07 4043553                    /home/chulu/.m2/repository/org/hibernate/common/hibernate-commons-annotations/5.1.0.Final/hibernate-commons-annotations-5.1.0.Final.jar
7fe314010000-7fe314015000 r--s 0004b000 08:07 4043554                    /home/chulu/.m2/repository/org/dom4j/dom4j/2.1.1/dom4j-2.1.1.jar
7fe314015000-7fe314017000 r--s 0000f000 08:07 4043550                    /home/chulu/.m2/repository/com/fasterxml/classmate/1.5.1/classmate-1.5.1.jar
7fe314017000-7fe31401a000 r--s 0002b000 08:07 4043549                    /home/chulu/.m2/repository/org/jboss/jandex/2.0.5.Final/jandex-2.0.5.Final.jar
7fe31401a000-7fe31401f000 r--s 00068000 08:07 3911725                    /home/chulu/.m2/repository/antlr/antlr/2.7.7/antlr-2.7.7.jar
7fe31401f000-7fe314067000 r--s 002e9000 08:07 3911723                    /home/chulu/.m2/repository/net/bytebuddy/byte-buddy/1.10.2/byte-buddy-1.10.2.jar
7fe314067000-7fe314071000 r--s 000b4000 08:07 3911720                    /home/chulu/.m2/repository/org/javassist/javassist/3.24.0-GA/javassist-3.24.0-GA.jar
7fe314071000-7fe314077000 r--s 00023000 08:07 3911684                    /home/chulu/.m2/repository/jakarta/persistence/jakarta.persistence-api/2.2.3/jakarta.persistence-api-2.2.3.jar
7fe314077000-7fe314090000 r--s 001da000 08:07 3781495                    /home/chulu/.m2/repository/org/aspectj/aspectjweaver/1.9.4/aspectjweaver-1.9.4.jar
7fe314090000-7fe314091000 ---p 00000000 00:00 0 
7fe314091000-7fe314094000 ---p 00000000 00:00 0 
7fe314094000-7fe314191000 rw-p 00000000 00:00 0 
7fe314191000-7fe314194000 ---p 00000000 00:00 0 
7fe314194000-7fe314292000 rw-p 00000000 00:00 0 
7fe314292000-7fe314295000 ---p 00000000 00:00 0 
7fe314295000-7fe314393000 rw-p 00000000 00:00 0 
7fe314393000-7fe314396000 ---p 00000000 00:00 0 
7fe314396000-7fe314494000 rw-p 00000000 00:00 0 
7fe314494000-7fe314495000 ---p 00000000 00:00 0 
7fe314495000-7fe3154f3000 rw-p 00000000 00:00 0 
7fe3154f3000-7fe3156cd000 r--s 03d6b000 08:06 300154                     /usr/lib/jvm/java-8-oracle/jre/lib/rt.jar
7fe3156cd000-7fe317ecf000 rw-p 00000000 00:00 0 
7fe317ecf000-7fe317ed0000 ---p 00000000 00:00 0 
7fe317ed0000-7fe317fd0000 rw-p 00000000 00:00 0 
7fe317fd0000-7fe317fd1000 ---p 00000000 00:00 0 
7fe317fd1000-7fe3180d1000 rw-p 00000000 00:00 0 
7fe3180d1000-7fe3180d2000 ---p 00000000 00:00 0 
7fe3180d2000-7fe3181d2000 rw-p 00000000 00:00 0 
7fe3181d2000-7fe3181d3000 ---p 00000000 00:00 0 
7fe3181d3000-7fe3182e3000 rw-p 00000000 00:00 0 
7fe3182e3000-7fe318415000 ---p 00000000 00:00 0 
7fe318415000-7fe318425000 rw-p 00000000 00:00 0 
7fe318425000-7fe318556000 ---p 00000000 00:00 0 
7fe318556000-7fe3185a3000 rw-p 00000000 00:00 0 
7fe3185a3000-7fe3185f7000 ---p 00000000 00:00 0 
7fe3185f7000-7fe31861c000 rw-p 00000000 00:00 0 
7fe31861c000-7fe3189b8000 ---p 00000000 00:00 0 
7fe3189b8000-7fe3192a8000 rwxp 00000000 00:00 0 
7fe3192a8000-7fe3279b8000 ---p 00000000 00:00 0 
7fe3279b8000-7fe3279d3000 r-xp 00000000 08:06 300365                     /usr/lib/jvm/java-8-oracle/jre/lib/amd64/libzip.so
7fe3279d3000-7fe327bd3000 ---p 0001b000 08:06 300365                     /usr/lib/jvm/java-8-oracle/jre/lib/amd64/libzip.so
7fe327bd3000-7fe327bd4000 rw-p 0001b000 08:06 300365                     /usr/lib/jvm/java-8-oracle/jre/lib/amd64/libzip.so
7fe327bd4000-7fe327bdf000 r-xp 00000000 08:06 398955                     /lib/x86_64-linux-gnu/libnss_files-2.27.so
7fe327bdf000-7fe327dde000 ---p 0000b000 08:06 398955                     /lib/x86_64-linux-gnu/libnss_files-2.27.so
7fe327dde000-7fe327ddf000 r--p 0000a000 08:06 398955                     /lib/x86_64-linux-gnu/libnss_files-2.27.so
7fe327ddf000-7fe327de0000 rw-p 0000b000 08:06 398955                     /lib/x86_64-linux-gnu/libnss_files-2.27.so
7fe327de0000-7fe327de6000 rw-p 00000000 00:00 0 
7fe327de6000-7fe327dfd000 r-xp 00000000 08:06 398949                     /lib/x86_64-linux-gnu/libnsl-2.27.so
7fe327dfd000-7fe327ffc000 ---p 00017000 08:06 398949                     /lib/x86_64-linux-gnu/libnsl-2.27.so
7fe327ffc000-7fe327ffd000 r--p 00016000 08:06 398949                     /lib/x86_64-linux-gnu/libnsl-2.27.so
7fe327ffd000-7fe327ffe000 rw-p 00017000 08:06 398949                     /lib/x86_64-linux-gnu/libnsl-2.27.so
7fe327ffe000-7fe328000000 rw-p 00000000 00:00 0 
7fe328000000-7fe328f31000 rw-p 00000000 00:00 0 
7fe328f31000-7fe32c000000 ---p 00000000 00:00 0 
7fe32c000000-7fe32c001000 r--s 00000000 08:07 2999959                    /home/chulu/.m2/repository/org/springframework/boot/spring-boot-starter-security/2.2.1.RELEASE/spring-boot-starter-security-2.2.1.RELEASE.jar
7fe32c001000-7fe32c003000 r--s 0000d000 08:07 3911697                    /home/chulu/.m2/repository/org/jboss/logging/jboss-logging/3.4.1.Final/jboss-logging-3.4.1.Final.jar
7fe32c003000-7fe32c004000 r--s 00003000 08:07 3911690                    /home/chulu/.m2/repository/jakarta/transaction/jakarta.transaction-api/1.3.3/jakarta.transaction-api-1.3.3.jar
7fe32c004000-7fe32c006000 r--s 00009000 08:07 3911683                    /home/chulu/.m2/repository/jakarta/activation/jakarta.activation-api/1.2.1/jakarta.activation-api-1.2.1.jar
7fe32c006000-7fe32c010000 r--s 0005a000 08:07 3781480                    /home/chulu/.m2/repository/org/springframework/spring-jdbc/5.2.1.RELEASE/spring-jdbc-5.2.1.RELEASE.jar
7fe32c010000-7fe32c013000 r--s 00023000 08:07 3781482                    /home/chulu/.m2/repository/com/zaxxer/HikariCP/3.4.1/HikariCP-3.4.1.jar
7fe32c013000-7fe32c014000 r--s 00000000 08:07 3654066                    /home/chulu/.m2/repository/org/springframework/boot/spring-boot-starter-jdbc/2.2.1.RELEASE/spring-boot-starter-jdbc-2.2.1.RELEASE.jar
7fe32c014000-7fe32c015000 r--s 00000000 08:07 3781493                    /home/chulu/.m2/repository/org/springframework/boot/spring-boot-starter-aop/2.2.1.RELEASE/spring-boot-starter-aop-2.2.1.RELEASE.jar
7fe32c015000-7fe32c020000 r-xp 00000000 08:06 398966                     /lib/x86_64-linux-gnu/libnss_nis-2.27.so
7fe32c020000-7fe32c21f000 ---p 0000b000 08:06 398966                     /lib/x86_64-linux-gnu/libnss_nis-2.27.so
7fe32c21f000-7fe32c220000 r--p 0000a000 08:06 398966                     /lib/x86_64-linux-gnu/libnss_nis-2.27.so
7fe32c220000-7fe32c221000 rw-p 0000b000 08:06 398966                     /lib/x86_64-linux-gnu/libnss_nis-2.27.so
7fe32c221000-7fe32c229000 r-xp 00000000 08:06 398951                     /lib/x86_64-linux-gnu/libnss_compat-2.27.so
7fe32c229000-7fe32c429000 ---p 00008000 08:06 398951                     /lib/x86_64-linux-gnu/libnss_compat-2.27.so
7fe32c429000-7fe32c42a000 r--p 00008000 08:06 398951                     /lib/x86_64-linux-gnu/libnss_compat-2.27.so
7fe32c42a000-7fe32c42b000 rw-p 00009000 08:06 398951                     /lib/x86_64-linux-gnu/libnss_compat-2.27.so
7fe32c42b000-7fe32c456000 r-xp 00000000 08:06 300359                     /usr/lib/jvm/java-8-oracle/jre/lib/amd64/libjava.so
7fe32c456000-7fe32c655000 ---p 0002b000 08:06 300359                     /usr/lib/jvm/java-8-oracle/jre/lib/amd64/libjava.so
7fe32c655000-7fe32c657000 rw-p 0002a000 08:06 300359                     /usr/lib/jvm/java-8-oracle/jre/lib/amd64/libjava.so
7fe32c657000-7fe32c664000 r-xp 00000000 08:06 300364                     /usr/lib/jvm/java-8-oracle/jre/lib/amd64/libverify.so
7fe32c664000-7fe32c864000 ---p 0000d000 08:06 300364                     /usr/lib/jvm/java-8-oracle/jre/lib/amd64/libverify.so
7fe32c864000-7fe32c866000 rw-p 0000d000 08:06 300364                     /usr/lib/jvm/java-8-oracle/jre/lib/amd64/libverify.so
7fe32c866000-7fe32c86d000 r-xp 00000000 08:06 399006                     /lib/x86_64-linux-gnu/librt-2.27.so
7fe32c86d000-7fe32ca6c000 ---p 00007000 08:06 399006                     /lib/x86_64-linux-gnu/librt-2.27.so
7fe32ca6c000-7fe32ca6d000 r--p 00006000 08:06 399006                     /lib/x86_64-linux-gnu/librt-2.27.so
7fe32ca6d000-7fe32ca6e000 rw-p 00007000 08:06 399006                     /lib/x86_64-linux-gnu/librt-2.27.so
7fe32ca6e000-7fe32cc0b000 r-xp 00000000 08:06 398928                     /lib/x86_64-linux-gnu/libm-2.27.so
7fe32cc0b000-7fe32ce0a000 ---p 0019d000 08:06 398928                     /lib/x86_64-linux-gnu/libm-2.27.so
7fe32ce0a000-7fe32ce0b000 r--p 0019c000 08:06 398928                     /lib/x86_64-linux-gnu/libm-2.27.so
7fe32ce0b000-7fe32ce0c000 rw-p 0019d000 08:06 398928                     /lib/x86_64-linux-gnu/libm-2.27.so
7fe32ce0c000-7fe32dae8000 r-xp 00000000 08:06 300385                     /usr/lib/jvm/java-8-oracle/jre/lib/amd64/server/libjvm.so
7fe32dae8000-7fe32dce8000 ---p 00cdc000 08:06 300385                     /usr/lib/jvm/java-8-oracle/jre/lib/amd64/server/libjvm.so
7fe32dce8000-7fe32ddc2000 rw-p 00cdc000 08:06 300385                     /usr/lib/jvm/java-8-oracle/jre/lib/amd64/server/libjvm.so
7fe32ddc2000-7fe32de0d000 rw-p 00000000 00:00 0 
7fe32de0d000-7fe32dff4000 r-xp 00000000 08:06 398865                     /lib/x86_64-linux-gnu/libc-2.27.so
7fe32dff4000-7fe32e1f4000 ---p 001e7000 08:06 398865                     /lib/x86_64-linux-gnu/libc-2.27.so
7fe32e1f4000-7fe32e1f8000 r--p 001e7000 08:06 398865                     /lib/x86_64-linux-gnu/libc-2.27.so
7fe32e1f8000-7fe32e1fa000 rw-p 001eb000 08:06 398865                     /lib/x86_64-linux-gnu/libc-2.27.so
7fe32e1fa000-7fe32e1fe000 rw-p 00000000 00:00 0 
7fe32e1fe000-7fe32e201000 r-xp 00000000 08:06 398888                     /lib/x86_64-linux-gnu/libdl-2.27.so
7fe32e201000-7fe32e400000 ---p 00003000 08:06 398888                     /lib/x86_64-linux-gnu/libdl-2.27.so
7fe32e400000-7fe32e401000 r--p 00002000 08:06 398888                     /lib/x86_64-linux-gnu/libdl-2.27.so
7fe32e401000-7fe32e402000 rw-p 00003000 08:06 398888                     /lib/x86_64-linux-gnu/libdl-2.27.so
7fe32e402000-7fe32e418000 r-xp 00000000 08:06 300382                     /usr/lib/jvm/java-8-oracle/jre/lib/amd64/jli/libjli.so
7fe32e418000-7fe32e617000 ---p 00016000 08:06 300382                     /usr/lib/jvm/java-8-oracle/jre/lib/amd64/jli/libjli.so
7fe32e617000-7fe32e618000 rw-p 00015000 08:06 300382                     /usr/lib/jvm/java-8-oracle/jre/lib/amd64/jli/libjli.so
7fe32e618000-7fe32e632000 r-xp 00000000 08:06 398998                     /lib/x86_64-linux-gnu/libpthread-2.27.so
7fe32e632000-7fe32e831000 ---p 0001a000 08:06 398998                     /lib/x86_64-linux-gnu/libpthread-2.27.so
7fe32e831000-7fe32e832000 r--p 00019000 08:06 398998                     /lib/x86_64-linux-gnu/libpthread-2.27.so
7fe32e832000-7fe32e833000 rw-p 0001a000 08:06 398998                     /lib/x86_64-linux-gnu/libpthread-2.27.so
7fe32e833000-7fe32e837000 rw-p 00000000 00:00 0 
7fe32e837000-7fe32e85e000 r-xp 00000000 08:06 398837                     /lib/x86_64-linux-gnu/ld-2.27.so
7fe32e85e000-7fe32e863000 r--s 00029000 08:07 4566131                    /home/chulu/.m2/repository/org/apache/maven/surefire/surefire-api/2.22.2/surefire-api-2.22.2.jar
7fe32e863000-7fe32e867000 r--s 0003f000 08:07 4566134                    /home/chulu/.m2/repository/org/apache/maven/surefire/surefire-booter/2.22.2/surefire-booter-2.22.2.jar
7fe32e867000-7fe32e938000 rw-p 00000000 00:00 0 
7fe32e938000-7fe32e939000 ---p 00000000 00:00 0 
7fe32e939000-7fe32e93c000 ---p 00000000 00:00 0 
7fe32e93c000-7fe32ea3b000 rw-p 00000000 00:00 0 
7fe32ea3b000-7fe32ea3c000 r--s 00000000 08:07 3781491                    /home/chulu/.m2/repository/org/springframework/boot/spring-boot-starter-data-jpa/2.2.1.RELEASE/spring-boot-starter-data-jpa-2.2.1.RELEASE.jar
7fe32ea3c000-7fe32ea3e000 r--s 00002000 08:07 4566132                    /home/chulu/.m2/repository/org/apache/maven/surefire/surefire-logger-api/2.22.2/surefire-logger-api-2.22.2.jar
7fe32ea3e000-7fe32ea3f000 r--s 00002000 08:07 5343505                    /home/chulu/NetBeansProjects/PaEaseAPI/target/surefire/surefirebooter8514205293260823691.jar
7fe32ea3f000-7fe32ea52000 rw-p 00000000 00:00 0 
7fe32ea52000-7fe32ea5a000 rw-s 00000000 08:06 564146                     /tmp/hsperfdata_chulu/20662
7fe32ea5a000-7fe32ea5b000 rw-p 00000000 00:00 0 
7fe32ea5b000-7fe32ea5c000 ---p 00000000 00:00 0 
7fe32ea5c000-7fe32ea5e000 rw-p 00000000 00:00 0 
7fe32ea5e000-7fe32ea5f000 r--p 00027000 08:06 398837                     /lib/x86_64-linux-gnu/ld-2.27.so
7fe32ea5f000-7fe32ea60000 rw-p 00028000 08:06 398837                     /lib/x86_64-linux-gnu/ld-2.27.so
7fe32ea60000-7fe32ea61000 rw-p 00000000 00:00 0 
7ffcfdfb2000-7ffcfdfd3000 rw-p 00000000 00:00 0                          [stack]
7ffcfdff1000-7ffcfdff4000 r--p 00000000 00:00 0                          [vvar]
7ffcfdff4000-7ffcfdff6000 r-xp 00000000 00:00 0                          [vdso]
ffffffffff600000-ffffffffff601000 r-xp 00000000 00:00 0                  [vsyscall]

VM Arguments:
java_command: /home/chulu/NetBeansProjects/PaEaseAPI/target/surefire/surefirebooter8514205293260823691.jar /home/chulu/NetBeansProjects/PaEaseAPI/target/surefire 2019-11-24T22-12-04_351-jvmRun1 surefire1106148011370263434tmp surefire_04335935889714189588tmp
java_class_path (initial): /home/chulu/NetBeansProjects/PaEaseAPI/target/surefire/surefirebooter8514205293260823691.jar
Launcher Type: SUN_STANDARD

Environment Variables:
JAVA_HOME=/usr/lib/jvm/java-8-oracle
PATH=/home/chulu/.local/bin:/usr/local/sbin:/usr/local/bin:/usr/sbin:/usr/bin:/sbin:/bin:/usr/games:/usr/local/games:/snap/bin:/usr/lib/jvm/java-8-oracle/bin:/usr/lib/jvm/java-8-oracle/db/bin:/usr/lib/jvm/java-8-oracle/jre/bin
USERNAME=chulu
LD_LIBRARY_PATH=/usr/lib/jvm/java-8-oracle/jre/lib/amd64:/usr/lib/jvm/java-8-oracle/jre/lib/i386:
SHELL=/bin/bash
DISPLAY=:0

Signal Handlers:
SIGSEGV: [libjvm.so+0xad2a40], sa_mask[0]=11111111011111111101111111111110, sa_flags=SA_RESTART|SA_SIGINFO
SIGBUS: [libjvm.so+0xad2a40], sa_mask[0]=11111111011111111101111111111110, sa_flags=SA_RESTART|SA_SIGINFO
SIGFPE: [libjvm.so+0x92a610], sa_mask[0]=11111111011111111101111111111110, sa_flags=SA_RESTART|SA_SIGINFO
SIGPIPE: [libjvm.so+0x92a610], sa_mask[0]=11111111011111111101111111111110, sa_flags=SA_RESTART|SA_SIGINFO
SIGXFSZ: [libjvm.so+0x92a610], sa_mask[0]=11111111011111111101111111111110, sa_flags=SA_RESTART|SA_SIGINFO
SIGILL: [libjvm.so+0x92a610], sa_mask[0]=11111111011111111101111111111110, sa_flags=SA_RESTART|SA_SIGINFO
SIGUSR1: SIG_DFL, sa_mask[0]=00000000000000000000000000000000, sa_flags=none
SIGUSR2: [libjvm.so+0x92be70], sa_mask[0]=00100000000000000000000000000000, sa_flags=SA_RESTART|SA_SIGINFO
SIGHUP: [libjvm.so+0x92d270], sa_mask[0]=11111111011111111101111111111110, sa_flags=SA_RESTART|SA_SIGINFO
SIGINT: SIG_IGN, sa_mask[0]=00000000000000000000000000000000, sa_flags=none
SIGTERM: [libjvm.so+0x92d270], sa_mask[0]=11111111011111111101111111111110, sa_flags=SA_RESTART|SA_SIGINFO
SIGQUIT: [libjvm.so+0x92d270], sa_mask[0]=11111111011111111101111111111110, sa_flags=SA_RESTART|SA_SIGINFO


---------------  S Y S T E M  ---------------

OS:DISTRIB_ID=Ubuntu
DISTRIB_RELEASE=18.04
DISTRIB_CODENAME=bionic
DISTRIB_DESCRIPTION="Ubuntu 18.04.3 LTS"

uname:Linux 4.15.0-70-generic #79-Ubuntu SMP Tue Nov 12 10:36:11 UTC 2019 x86_64
libc:glibc 2.27 NPTL 2.27 
rlimit: STACK 8192k, CORE 0k, NPROC 15228, NOFILE 1048576, AS infinity
load average:4.07 2.23 1.48

/proc/meminfo:
MemTotal:        3943252 kB
MemFree:           84484 kB
MemAvailable:          0 kB
Buffers:             840 kB
Cached:           208464 kB
SwapCached:        11472 kB
Active:          3028904 kB
Inactive:         611404 kB
Active(anon):    3023040 kB
Inactive(anon):   604624 kB
Active(file):       5864 kB
Inactive(file):     6780 kB
Unevictable:          32 kB
Mlocked:              32 kB
SwapTotal:        494396 kB
SwapFree:              0 kB
Dirty:               100 kB
Writeback:            60 kB
AnonPages:       3420044 kB
Mapped:           146392 kB
Shmem:            196416 kB
Slab:              91612 kB
SReclaimable:      41440 kB
SUnreclaim:        50172 kB
KernelStack:       14448 kB
PageTables:        61432 kB
NFS_Unstable:          0 kB
Bounce:                0 kB
WritebackTmp:          0 kB
CommitLimit:     2466020 kB
Committed_AS:   10347528 kB
VmallocTotal:   34359738367 kB
VmallocUsed:           0 kB
VmallocChunk:          0 kB
HardwareCorrupted:     0 kB
AnonHugePages:         0 kB
ShmemHugePages:        0 kB
ShmemPmdMapped:        0 kB
CmaTotal:              0 kB
CmaFree:               0 kB
HugePages_Total:       0
HugePages_Free:        0
HugePages_Rsvd:        0
HugePages_Surp:        0
Hugepagesize:       2048 kB
DirectMap4k:      243460 kB
DirectMap2M:     3854336 kB


CPU:total 4 (initial active 4) (2 cores per cpu, 2 threads per core) family 6 model 58 stepping 9, cmov, cx8, fxsr, mmx, sse, sse2, sse3, ssse3, sse4.1, sse4.2, popcnt, avx, aes, clmul, erms, ht, tsc, tscinvbit, tscinv

/proc/cpuinfo:
processor	: 0
vendor_id	: GenuineIntel
cpu family	: 6
model		: 58
model name	: Intel(R) Core(TM) i5-3340M CPU @ 2.70GHz
stepping	: 9
microcode	: 0x21
cpu MHz		: 3126.503
cache size	: 3072 KB
physical id	: 0
siblings	: 4
core id		: 0
cpu cores	: 2
apicid		: 0
initial apicid	: 0
fpu		: yes
fpu_exception	: yes
cpuid level	: 13
wp		: yes
flags		: fpu vme de pse tsc msr pae mce cx8 apic sep mtrr pge mca cmov pat pse36 clflush dts acpi mmx fxsr sse sse2 ss ht tm pbe syscall nx rdtscp lm constant_tsc arch_perfmon pebs bts rep_good nopl xtopology nonstop_tsc cpuid aperfmperf pni pclmulqdq dtes64 monitor ds_cpl vmx smx est tm2 ssse3 cx16 xtpr pdcm pcid sse4_1 sse4_2 x2apic popcnt tsc_deadline_timer aes xsave avx f16c rdrand lahf_lm cpuid_fault epb pti ssbd ibrs ibpb stibp tpr_shadow vnmi flexpriority ept vpid fsgsbase smep erms xsaveopt dtherm ida arat pln pts md_clear flush_l1d
bugs		: cpu_meltdown spectre_v1 spectre_v2 spec_store_bypass l1tf mds swapgs itlb_multihit
bogomips	: 5382.41
clflush size	: 64
cache_alignment	: 64
address sizes	: 36 bits physical, 48 bits virtual
power management:

processor	: 1
vendor_id	: GenuineIntel
cpu family	: 6
model		: 58
model name	: Intel(R) Core(TM) i5-3340M CPU @ 2.70GHz
stepping	: 9
microcode	: 0x21
cpu MHz		: 3110.270
cache size	: 3072 KB
physical id	: 0
siblings	: 4
core id		: 1
cpu cores	: 2
apicid		: 2
initial apicid	: 2
fpu		: yes
fpu_exception	: yes
cpuid level	: 13
wp		: yes
flags		: fpu vme de pse tsc msr pae mce cx8 apic sep mtrr pge mca cmov pat pse36 clflush dts acpi mmx fxsr sse sse2 ss ht tm pbe syscall nx rdtscp lm constant_tsc arch_perfmon pebs bts rep_good nopl xtopology nonstop_tsc cpuid aperfmperf pni pclmulqdq dtes64 monitor ds_cpl vmx smx est tm2 ssse3 cx16 xtpr pdcm pcid sse4_1 sse4_2 x2apic popcnt tsc_deadline_timer aes xsave avx f16c rdrand lahf_lm cpuid_fault epb pti ssbd ibrs ibpb stibp tpr_shadow vnmi flexpriority ept vpid fsgsbase smep erms xsaveopt dtherm ida arat pln pts md_clear flush_l1d
bugs		: cpu_meltdown spectre_v1 spectre_v2 spec_store_bypass l1tf mds swapgs itlb_multihit
bogomips	: 5382.41
clflush size	: 64
cache_alignment	: 64
address sizes	: 36 bits physical, 48 bits virtual
power management:

processor	: 2
vendor_id	: GenuineIntel
cpu family	: 6
model		: 58
model name	: Intel(R) Core(TM) i5-3340M CPU @ 2.70GHz
stepping	: 9
microcode	: 0x21
cpu MHz		: 3025.148
cache size	: 3072 KB
physical id	: 0
siblings	: 4
core id		: 0
cpu cores	: 2
apicid		: 1
initial apicid	: 1
fpu		: yes
fpu_exception	: yes
cpuid level	: 13
wp		: yes
flags		: fpu vme de pse tsc msr pae mce cx8 apic sep mtrr pge mca cmov pat pse36 clflush dts acpi mmx fxsr sse sse2 ss ht tm pbe syscall nx rdtscp lm constant_tsc arch_perfmon pebs bts rep_good nopl xtopology nonstop_tsc cpuid aperfmperf pni pclmulqdq dtes64 monitor ds_cpl vmx smx est tm2 ssse3 cx16 xtpr pdcm pcid sse4_1 sse4_2 x2apic popcnt tsc_deadline_timer aes xsave avx f16c rdrand lahf_lm cpuid_fault epb pti ssbd ibrs ibpb stibp tpr_shadow vnmi flexpriority ept vpid fsgsbase smep erms xsaveopt dtherm ida arat pln pts md_clear flush_l1d
bugs		: cpu_meltdown spectre_v1 spectre_v2 spec_store_bypass l1tf mds swapgs itlb_multihit
bogomips	: 5382.41
clflush size	: 64
cache_alignment	: 64
address sizes	: 36 bits physical, 48 bits virtual
power management:

processor	: 3
vendor_id	: GenuineIntel
cpu family	: 6
model		: 58
model name	: Intel(R) Core(TM) i5-3340M CPU @ 2.70GHz
stepping	: 9
microcode	: 0x21
cpu MHz		: 3168.900
cache size	: 3072 KB
physical id	: 0
siblings	: 4
core id		: 1
cpu cores	: 2
apicid		: 3
initial apicid	: 3
fpu		: yes
fpu_exception	: yes
cpuid level	: 13
wp		: yes
flags		: fpu vme de pse tsc msr pae mce cx8 apic sep mtrr pge mca cmov pat pse36 clflush dts acpi mmx fxsr sse sse2 ss ht tm pbe syscall nx rdtscp lm constant_tsc arch_perfmon pebs bts rep_good nopl xtopology nonstop_tsc cpuid aperfmperf pni pclmulqdq dtes64 monitor ds_cpl vmx smx est tm2 ssse3 cx16 xtpr pdcm pcid sse4_1 sse4_2 x2apic popcnt tsc_deadline_timer aes xsave avx f16c rdrand lahf_lm cpuid_fault epb pti ssbd ibrs ibpb stibp tpr_shadow vnmi flexpriority ept vpid fsgsbase smep erms xsaveopt dtherm ida arat pln pts md_clear flush_l1d
bugs		: cpu_meltdown spectre_v1 spectre_v2 spec_store_bypass l1tf mds swapgs itlb_multihit
bogomips	: 5382.41
clflush size	: 64
cache_alignment	: 64
address sizes	: 36 bits physical, 48 bits virtual
power management:



Memory: 4k page, physical 3943252k(85124k free), swap 494396k(0k free)

vm_info: Java HotSpot(TM) 64-Bit Server VM (25.181-b13) for linux-amd64 JRE (1.8.0_181-b13), built on Jul  7 2018 00:56:38 by "java_re" with gcc 4.3.0 20080428 (Red Hat 4.3.0-8)

time: Sun Nov 24 22:12:16 2019
elapsed time: 12 seconds (0d 0h 0m 12s)

